"../../../../../../student/Desktop/SevenDaysToFry -A&W/Content/Effects/Textures/LensFlare/T_Lensflare_01.uasset" 0
"../../../../../../student/Desktop/SevenDaysToFry -A&W/Content/Effects/Materials/LensFlare/M_Lensflare_01.uasset" 1
"../../../Engine/Content/Functions/Engine_MaterialFunctions01/Gradient/RadialGradient.uasset" 2
"../../../../../../student/Desktop/SevenDaysToFry -A&W/Content/Effects/Materials/Ramp/M_SoftGradient_Muzzle.uasset" 3
"../../../../../../student/Desktop/SevenDaysToFry -A&W/Content/Effects/Textures/Smoke/T_Clouds_01.uasset" 4
"../../../../../../student/Desktop/SevenDaysToFry -A&W/Content/Effects/Textures/Smoke/T_SmokeBall_01_8_8.uasset" 5
"../../../../../../student/Desktop/SevenDaysToFry -A&W/Content/Effects/Materials/Smoke/M_ImpactSmoke.uasset" 6
"../../../../../../student/Desktop/SevenDaysToFry -A&W/Content/Effects/Materials/Smoke/M_SmokeBall.uasset" 7
"../../../../../../student/Desktop/SevenDaysToFry -A&W/Content/Effects/Textures/Weapon/T_muzzle_flashes.uasset" 8
"../../../../../../student/Desktop/SevenDaysToFry -A&W/Content/Effects/Materials/Weapon/M_muzzle_flash_subUV.uasset" 9
"../../../Engine/Content/Functions/Engine_MaterialFunctions01/Gradient/LinearGradient.uasset" 10
"../../../../../../student/Desktop/SevenDaysToFry -A&W/Content/Effects/Textures/Mask/T_SquareMaskTightEdge.uasset" 11
"../../../../../../student/Desktop/SevenDaysToFry -A&W/Content/Effects/Textures/Noise/T_TileNoise.uasset" 12
"../../../../../../student/Desktop/SevenDaysToFry -A&W/Content/Effects/Materials/Weapon/M_MuzzleGlow.uasset" 13
"../../../../../../student/Desktop/SevenDaysToFry -A&W/Content/Effects/Meshes/Weapon/SM_MuzzleCone.uasset" 14
"../../../../../../student/Desktop/SevenDaysToFry -A&W/Content/Effects/ParticleSystems/Weapons/AssaultRifle/Muzzle/P_AssaultRifle_MF.uasset" 15
"../../../../../../student/Desktop/SevenDaysToFry -A&W/Content/Effects/ParticleSystems/Weapons/AssaultRifle/Muzzle/P_AssaultRifle_MF1.uasset" 16
"../../../../../../student/Desktop/SevenDaysToFry -A&W/Content/Effects/Textures/Ramp/T_FX_CameraDistort.uasset" 17
"../../../../../../student/Desktop/SevenDaysToFry -A&W/Content/Effects/Textures/Ramp/T_FX_ColorDistort.uasset" 18
"../../../../../../student/Desktop/SevenDaysToFry -A&W/Content/Effects/Textures/Water/T_Caustics_2.uasset" 19
"../../../../../../student/Desktop/SevenDaysToFry -A&W/Content/Effects/Materials/Weapon/M_WP_Linkgun_Connection.uasset" 20
"../../../../../../student/Desktop/SevenDaysToFry -A&W/Content/Effects/Textures/Energy/T_EFX_Beam_Electricity_02.uasset" 21
"../../../../../../student/Desktop/SevenDaysToFry -A&W/Content/Effects/Materials/Weapon/M_WP_ShockRifle_Panning_Beam.uasset" 22
"../../../../../../student/Desktop/SevenDaysToFry -A&W/Content/Effects/ParticleSystems/Weapons/AssaultRifle/Muzzle/P_AssaultRifle_Trail.uasset" 23
"../../../../../../student/Desktop/SevenDaysToFry -A&W/Content/Effects/Textures/Energy/T_EFX_Energy_Arc_SubUV.uasset" 24
"../../../../../../student/Desktop/SevenDaysToFry -A&W/Content/Effects/Materials/Energy/M_Electrical.uasset" 25
"../../../../../../student/Desktop/SevenDaysToFry -A&W/Content/Effects/Textures/Energy/T_EFX_Energy_Loop_Free.uasset" 26
"../../../../../../student/Desktop/SevenDaysToFry -A&W/Content/Effects/Materials/Energy/M_WP_ShockRifle_Ring.uasset" 27
"../../../../../../student/Desktop/SevenDaysToFry -A&W/Content/Effects/Textures/fire/T_explo_SubUV.uasset" 28
"../../../../../../student/Desktop/SevenDaysToFry -A&W/Content/Effects/Materials/Explosion/M_explosion_subUV.uasset" 29
"../../../../../../student/Desktop/SevenDaysToFry -A&W/Content/Effects/Materials/Ramp/M_radial_ramp_soft.uasset" 30
"../../../../../../student/Desktop/SevenDaysToFry -A&W/Content/Effects/ParticleSystems/Weapons/RocketLauncher/Impact/P_Launcher_IH.uasset" 31
"../../../../../../student/Desktop/SevenDaysToFry -A&W/Content/Effects/Textures/LensFlare/Flare_02.uasset" 32
"../../../../../../student/Desktop/SevenDaysToFry -A&W/Content/Effects/Materials/LensFlare/M_LensFlare_02.uasset" 33
"../../../../../../student/Desktop/SevenDaysToFry -A&W/Content/Effects/Textures/Noise/T_FX_RoilingFlameModulate.uasset" 34
"../../../../../../student/Desktop/SevenDaysToFry -A&W/Content/Effects/Textures/Weapon/T_Coil.uasset" 35
"../../../../../../student/Desktop/SevenDaysToFry -A&W/Content/Effects/Materials/Weapon/M_WP_LinkGun_MF_3_new.uasset" 36
"../../../../../../student/Desktop/SevenDaysToFry -A&W/Content/Effects/ParticleSystems/Weapons/RocketLauncher/Muzzle/P_Launcher_MF.uasset" 37
"../../../../../../student/Desktop/SevenDaysToFry -A&W/Content/Effects/Textures/Spark/T_SparkCore_2X2.uasset" 38
"../../../../../../student/Desktop/SevenDaysToFry -A&W/Content/Effects/Materials/spark/M_spark_subUV.uasset" 39
"../../../../../../student/Desktop/SevenDaysToFry -A&W/Content/Effects/ParticleSystems/Weapons/RocketLauncher/Muzzle/P_Launcher_proj.uasset" 40
"../../../../../../student/Desktop/SevenDaysToFry -A&W/Content/FinalProjectBlueprints/BP_Interactive_Interface.uasset" 41
"../../../../../../student/Desktop/SevenDaysToFry -A&W/Content/StarterContent/Textures/T_MacroVariation.uasset" 42
"../../../../../../student/Desktop/SevenDaysToFry -A&W/Content/StarterContent/Textures/T_Metal_Gold_D.uasset" 43
"../../../../../../student/Desktop/SevenDaysToFry -A&W/Content/StarterContent/Textures/T_Metal_Gold_N.uasset" 44
"../../../../../../student/Desktop/SevenDaysToFry -A&W/Content/StarterContent/Materials/M_Metal_Gold.uasset" 45
"../../../../../../student/Desktop/SevenDaysToFry -A&W/Content/StarterContent/Materials/M_Basic_Wall.uasset" 46
"../../../../../../student/Desktop/SevenDaysToFry -A&W/Content/StarterContent/Shapes/Shape_Sphere.uasset" 47
"../../../../../../student/Desktop/SevenDaysToFry -A&W/Content/FinalProjectBlueprints/BP_Buns.uasset" 48
"../../../../../../student/Desktop/SevenDaysToFry -A&W/Content/Mats/CookedPatty.uasset" 49
"../../../../../../student/Desktop/SevenDaysToFry -A&W/Content/FinalProjectBlueprints/BP_Burger.uasset" 50
"../../../Engine/Content/EditorBlueprintResources/StandardMacros.uasset" 51
"../../../../../../student/Desktop/SevenDaysToFry -A&W/Content/Animations/SK_Mannequin_Skeleton.uasset" 52
"../../../../../../student/Desktop/SevenDaysToFry -A&W/Content/Animations/Attacking/MontageExample_End_1.uasset" 53
"../../../../../../student/Desktop/SevenDaysToFry -A&W/Content/Animations/Attacking/MontageExample_End_2.uasset" 54
"../../../../../../student/Desktop/SevenDaysToFry -A&W/Content/Animations/Attacking/MontageExample_Punch_1.uasset" 55
"../../../../../../student/Desktop/SevenDaysToFry -A&W/Content/Animations/Attacking/MontageExample_Punch_2.uasset" 56
"../../../../../../student/Desktop/SevenDaysToFry -A&W/Content/Animations/Attacking/MontageExample_Start.uasset" 57
"../../../../../../student/Desktop/SevenDaysToFry -A&W/Content/EnemyBP/AttackingMontage.uasset" 58
"../../../../../../student/Desktop/SevenDaysToFry -A&W/Content/Animations/ThirdPersonIdle.uasset" 59
"../../../../../../student/Desktop/SevenDaysToFry -A&W/Content/Animations/ThirdPersonWalk.uasset" 60
"../../../../../../student/Desktop/SevenDaysToFry -A&W/Content/Animations/Idle_Walk.uasset" 61
"../../../../../../student/Desktop/SevenDaysToFry -A&W/Content/EnemyBP/ZombieAnimBP.uasset" 62
"../../../../../../student/Desktop/SevenDaysToFry -A&W/Content/Animations/Death/Death_1.uasset" 63
"../../../../../../student/Desktop/SevenDaysToFry -A&W/Content/Animations/Death/Death_2.uasset" 64
"../../../../../../student/Desktop/SevenDaysToFry -A&W/Content/Animations/Death/Death_3.uasset" 65
"../../../../../../student/Desktop/SevenDaysToFry -A&W/Content/EnemyBP/EnemyCharacter.uasset" 66
"../../../../../../student/Desktop/SevenDaysToFry -A&W/Content/Mats/Wood.uasset" 67
"../../../Engine/Content/Functions/Engine_MaterialFunctions01/Opacity/CameraDepthFade.uasset" 68
"../../../Engine/Content/EngineMaterials/T_Default_Material_Grid_M.uasset" 69
"../../../Engine/Content/EngineMaterials/T_Default_Material_Grid_N.uasset" 70
"../../../Engine/Content/EngineMaterials/WorldGridMaterial.uasset" 71
"../../../Engine/Content/BasicShapes/Cube.uasset" 72
"../../../../../../student/Desktop/SevenDaysToFry -A&W/Content/BreakingBarricade.uasset" 73
"../../../../../../student/Desktop/SevenDaysToFry -A&W/Content/FirstPersonBP/Blueprints/CustomerAnimBP.uasset" 74
"../../../Engine/Content/BasicShapes/BasicShapeMaterial.uasset" 75
"../../../../../../student/Desktop/SevenDaysToFry -A&W/Content/StarterContent/Materials/M_Glass.uasset" 76
"../../../../../../student/Desktop/SevenDaysToFry -A&W/Content/StarterContent/Textures/T_Door_M.uasset" 77
"../../../../../../student/Desktop/SevenDaysToFry -A&W/Content/StarterContent/Textures/T_Door_N.uasset" 78
"../../../../../../student/Desktop/SevenDaysToFry -A&W/Content/StarterContent/Props/Materials/M_Door.uasset" 79
"../../../../../../student/Desktop/SevenDaysToFry -A&W/Content/StarterContent/Props/SM_Door.uasset" 80
"../../../../../../student/Desktop/SevenDaysToFry -A&W/Content/StarterContent/Textures/T_Frame_M.uasset" 81
"../../../../../../student/Desktop/SevenDaysToFry -A&W/Content/StarterContent/Textures/T_Frame_N.uasset" 82
"../../../../../../student/Desktop/SevenDaysToFry -A&W/Content/StarterContent/Props/Materials/M_Frame.uasset" 83
"../../../../../../student/Desktop/SevenDaysToFry -A&W/Content/StarterContent/Props/SM_DoorFrame.uasset" 84
"../../../../../../student/Desktop/SevenDaysToFry -A&W/Content/BP_Door.uasset" 85
"../../../../../../student/Desktop/SevenDaysToFry -A&W/Content/RecipeData/Ingredient.uasset" 86
"../../../../../../student/Desktop/SevenDaysToFry -A&W/Content/RecipeData/Recipe.uasset" 87
"../../../../../../student/Desktop/SevenDaysToFry -A&W/Content/RecipeData/RecipeComponents.uasset" 88
"../../../../../../student/Desktop/SevenDaysToFry -A&W/Content/RecipeData/RecipeTable.uasset" 89
"../../../../../../student/Desktop/SevenDaysToFry -A&W/Content/RecipeData/RecipeManager.uasset" 90
"../../../../../../student/Desktop/SevenDaysToFry -A&W/Content/FirstPersonBP/Blueprints/CustomerLine.uasset" 91
"../../../../../../student/Desktop/SevenDaysToFry -A&W/Content/FirstPersonBP/Blueprints/CustomerDespawner.uasset" 92
"../../../../../../student/Desktop/SevenDaysToFry -A&W/Content/RecipeData/OrderTable.uasset" 93
"../../../../../../student/Desktop/SevenDaysToFry -A&W/Content/RecipeData/OrderList.uasset" 94
"../../../../../../student/Desktop/SevenDaysToFry -A&W/Content/RecipeData/OrderManager.uasset" 95
"../../../../../../student/Desktop/SevenDaysToFry -A&W/Content/SpawnBP/CustomerSpawnManager.uasset" 96
"../../../../../../student/Desktop/SevenDaysToFry -A&W/Content/StarterContent/Textures/T_Shelf_M.uasset" 97
"../../../../../../student/Desktop/SevenDaysToFry -A&W/Content/StarterContent/Textures/T_Shelf_N.uasset" 98
"../../../../../../student/Desktop/SevenDaysToFry -A&W/Content/StarterContent/Props/Materials/M_Shelf.uasset" 99
"../../../../../../student/Desktop/SevenDaysToFry -A&W/Content/Animations/Fbx_Default_Material_1.uasset" 100
"../../../../../../student/Desktop/SevenDaysToFry -A&W/Content/Animations/M_UE4Man_Body.uasset" 101
"../../../../../../student/Desktop/SevenDaysToFry -A&W/Content/Animations/SK_Mannequin_PhysicsAsset.uasset" 102
"../../../../../../student/Desktop/SevenDaysToFry -A&W/Content/Animations/SK_Mannequin.uasset" 103
"../../../../../../student/Desktop/SevenDaysToFry -A&W/Content/FirstPersonBP/Blueprints/Customer.uasset" 104
"../../../../../../student/Desktop/SevenDaysToFry -A&W/Content/Mats/Invisible.uasset" 105
"../../../../../../student/Desktop/SevenDaysToFry -A&W/Content/FPS_Weapon_Bundle/Weapons/Textures/KA74U/T_KA74U_ALB.uasset" 106
"../../../../../../student/Desktop/SevenDaysToFry -A&W/Content/FPS_Weapon_Bundle/Weapons/Textures/KA74U/T_KA74U_M_MSK.uasset" 107
"../../../../../../student/Desktop/SevenDaysToFry -A&W/Content/FPS_Weapon_Bundle/Weapons/Textures/KA74U/T_KA74U_NRM.uasset" 108
"../../../../../../student/Desktop/SevenDaysToFry -A&W/Content/FPS_Weapon_Bundle/Weapons/Textures/Patterns/T_Stripes__Pattern.uasset" 109
"../../../../../../student/Desktop/SevenDaysToFry -A&W/Content/FPS_Weapon_Bundle/Weapons/Materials/Master_Material/M_Weapon_Master_USE.uasset" 110
"../../../../../../student/Desktop/SevenDaysToFry -A&W/Content/FPS_Weapon_Bundle/Weapons/Textures/KA_Val/T_KA_Val_ALB.uasset" 111
"../../../../../../student/Desktop/SevenDaysToFry -A&W/Content/FPS_Weapon_Bundle/Weapons/Textures/KA_Val/T_KA_Val_M_MSK.uasset" 112
"../../../../../../student/Desktop/SevenDaysToFry -A&W/Content/FPS_Weapon_Bundle/Weapons/Textures/KA_Val/T_KA_Val_NRM.uasset" 113
"../../../../../../student/Desktop/SevenDaysToFry -A&W/Content/FPS_Weapon_Bundle/Weapons/Materials/KA_Val/M_KA_Val.uasset" 114
"../../../../../../student/Desktop/SevenDaysToFry -A&W/Content/FPS_Weapon_Bundle/Weapons/Textures/KA_Val/T_KA_Val_Black_ALB.uasset" 115
"../../../../../../student/Desktop/SevenDaysToFry -A&W/Content/FPS_Weapon_Bundle/Weapons/Materials/KA_Val/M_KA_Val_Black.uasset" 116
"../../../../../../student/Desktop/SevenDaysToFry -A&W/Content/FPS_Weapon_Bundle/Weapons/Textures/Patterns/T_Wood_Marpat_Pattern.uasset" 117
"../../../../../../student/Desktop/SevenDaysToFry -A&W/Content/FPS_Weapon_Bundle/Weapons/Materials/KA_Val/M_KA_Val_Black_Camo.uasset" 118
"../../../../../../student/Desktop/SevenDaysToFry -A&W/Content/Effects/Textures/Water/T_Steam_02_Packed.uasset" 119
"../../../../../../student/Desktop/SevenDaysToFry -A&W/Content/Effects/Materials/Smoke/M_MuzzleSmokeDetail_GPU.uasset" 120
"../../../../../../student/Desktop/SevenDaysToFry -A&W/Content/Effects/ParticleSystems/Weapons/AssaultRifle/Impacts/P_AssaultRifle_IH.uasset" 121
"../../../../../../student/Desktop/SevenDaysToFry -A&W/Content/Effects/ParticleSystems/Weapons/RocketLauncher/Muzzle/P_Launcher_MF1.uasset" 122
"../../../../../../student/Desktop/SevenDaysToFry -A&W/Content/FPS_Weapon_Bundle/Weapons/Meshes/KA_Val/SM_KA_Val_X.uasset" 123
"../../../../../../student/Desktop/SevenDaysToFry -A&W/Content/Sounds/gun2sound.uasset" 124
"../../../../../../student/Desktop/SevenDaysToFry -A&W/Content/gun2.uasset" 125
"../../../../../../student/Desktop/SevenDaysToFry -A&W/Content/FPS_Weapon_Bundle/Weapons/Materials/KA74U/M_KA74U.uasset" 126
"../../../../../../student/Desktop/SevenDaysToFry -A&W/Content/FPS_Weapon_Bundle/Weapons/Textures/Patterns/T_LeafSpray_Pattern.uasset" 127
"../../../../../../student/Desktop/SevenDaysToFry -A&W/Content/FPS_Weapon_Bundle/Weapons/Materials/KA74U/M_KA74U_LeafSpray.uasset" 128
"../../../../../../student/Desktop/SevenDaysToFry -A&W/Content/FPS_Weapon_Bundle/Weapons/Meshes/KA74U/SM_KA74U_X.uasset" 129
"../../../../../../student/Desktop/SevenDaysToFry -A&W/Content/Sounds/gun3sound.uasset" 130
"../../../../../../student/Desktop/SevenDaysToFry -A&W/Content/gun3.uasset" 131
"../../../../../../student/Desktop/SevenDaysToFry -A&W/Content/FPS_Weapon_Bundle/Weapons/Textures/Ammunition/T_762x39_ALB.uasset" 132
"../../../../../../student/Desktop/SevenDaysToFry -A&W/Content/FPS_Weapon_Bundle/Weapons/Textures/Ammunition/T_762x39_M_MSK.uasset" 133
"../../../../../../student/Desktop/SevenDaysToFry -A&W/Content/FPS_Weapon_Bundle/Weapons/Textures/Ammunition/T_762x39_NRM.uasset" 134
"../../../../../../student/Desktop/SevenDaysToFry -A&W/Content/FPS_Weapon_Bundle/Weapons/Materials/Ammunition/M_762x39_Empty.uasset" 135
"../../../../../../student/Desktop/SevenDaysToFry -A&W/Content/FPS_Weapon_Bundle/Weapons/Textures/KA47/T_KA47_ALB.uasset" 136
"../../../../../../student/Desktop/SevenDaysToFry -A&W/Content/FPS_Weapon_Bundle/Weapons/Textures/KA47/T_KA47_M_MSK.uasset" 137
"../../../../../../student/Desktop/SevenDaysToFry -A&W/Content/FPS_Weapon_Bundle/Weapons/Textures/KA47/T_KA47_NRM.uasset" 138
"../../../../../../student/Desktop/SevenDaysToFry -A&W/Content/FPS_Weapon_Bundle/Weapons/Materials/Ka47/M_KA47.uasset" 139
"../../../../../../student/Desktop/SevenDaysToFry -A&W/Content/FPS_Weapon_Bundle/Weapons/Materials/Ka47/M_KA47_Pattern.uasset" 140
"../../../../../../student/Desktop/SevenDaysToFry -A&W/Content/FPS_Weapon_Bundle/Weapons/Meshes/Ka47/SM_KA47_X.uasset" 141
"../../../../../../student/Desktop/SevenDaysToFry -A&W/Content/Sounds/gun4sound.uasset" 142
"../../../../../../student/Desktop/SevenDaysToFry -A&W/Content/gun4.uasset" 143
"../../../../../../student/Desktop/SevenDaysToFry -A&W/Content/FPS_Weapon_Bundle/Weapons/Textures/AR4/T_AR4_ALB.uasset" 144
"../../../../../../student/Desktop/SevenDaysToFry -A&W/Content/FPS_Weapon_Bundle/Weapons/Textures/AR4/T_AR4_M_MSK.uasset" 145
"../../../../../../student/Desktop/SevenDaysToFry -A&W/Content/FPS_Weapon_Bundle/Weapons/Textures/AR4/T_AR4_NRM.uasset" 146
"../../../../../../student/Desktop/SevenDaysToFry -A&W/Content/FPS_Weapon_Bundle/Weapons/Textures/Patterns/T_Desert_Marpat_Pattern.uasset" 147
"../../../../../../student/Desktop/SevenDaysToFry -A&W/Content/FPS_Weapon_Bundle/Weapons/Materials/AR4/M_AR4_Pattern.uasset" 148
"../../../../../../student/Desktop/SevenDaysToFry -A&W/Content/FPS_Weapon_Bundle/Weapons/Materials/AR4/M_AR4.uasset" 149
"../../../../../../student/Desktop/SevenDaysToFry -A&W/Content/FPS_Weapon_Bundle/Weapons/Meshes/AR4/SM_AR4_X.uasset" 150
"../../../../../../student/Desktop/SevenDaysToFry -A&W/Content/Sounds/gun6sound.uasset" 151
"../../../../../../student/Desktop/SevenDaysToFry -A&W/Content/gun5.uasset" 152
"../../../../../../student/Desktop/SevenDaysToFry -A&W/Content/CommerceStruct.uasset" 153
"../../../../../../student/Desktop/SevenDaysToFry -A&W/Content/CommerceData.uasset" 154
"../../../../../../student/Desktop/SevenDaysToFry -A&W/Content/GainCash.uasset" 155
"../../../../../../student/Desktop/SevenDaysToFry -A&W/Content/HUD/Main_HUD.uasset" 156
"../../../../../../student/Desktop/SevenDaysToFry -A&W/Content/LoseCash.uasset" 157
"../../../../../../student/Desktop/SevenDaysToFry -A&W/Content/Sounds/MoneySound.uasset" 158
"../../../../../../student/Desktop/SevenDaysToFry -A&W/Content/BP_GameMode.uasset" 159
"../../../../../../student/Desktop/SevenDaysToFry -A&W/Content/EnemyBP/AIEmemyController.uasset" 160
"../../../../../../student/Desktop/SevenDaysToFry -A&W/Content/EnemyBP/AIZombieStates.uasset" 161
"../../../../../../student/Desktop/SevenDaysToFry -A&W/Content/SpawnBP/TargetTypes.uasset" 162
"../../../../../../student/Desktop/SevenDaysToFry -A&W/Content/EnemyBP/AIZombieController.uasset" 163
"../../../../../../student/Desktop/SevenDaysToFry -A&W/Content/SpawnBP/ZombieSpawnManager.uasset" 164
"../../../../../../student/Desktop/SevenDaysToFry -A&W/Content/Sounds/ZombieSound1.uasset" 165
"../../../../../../student/Desktop/SevenDaysToFry -A&W/Content/Sounds/ZombieSound2.uasset" 166
"../../../../../../student/Desktop/SevenDaysToFry -A&W/Content/Sounds/ZombieSound3.uasset" 167
"../../../../../../student/Desktop/SevenDaysToFry -A&W/Content/EnemyBP/ZombieCharacter.uasset" 168
"../../../../../../student/Desktop/SevenDaysToFry -A&W/Content/FPS_Weapon_Bundle/Weapons/Textures/SMG11/T_SMG11_ALB.uasset" 169
"../../../../../../student/Desktop/SevenDaysToFry -A&W/Content/FPS_Weapon_Bundle/Weapons/Textures/SMG11/T_SMG11_M_MSK.uasset" 170
"../../../../../../student/Desktop/SevenDaysToFry -A&W/Content/FPS_Weapon_Bundle/Weapons/Textures/SMG11/T_SMG11_NRM.uasset" 171
"../../../../../../student/Desktop/SevenDaysToFry -A&W/Content/FPS_Weapon_Bundle/Weapons/Materials/SMG11/M_SMG11.uasset" 172
"../../../../../../student/Desktop/SevenDaysToFry -A&W/Content/FPS_Weapon_Bundle/Weapons/Materials/SMG11/M_SMG11_Color.uasset" 173
"../../../../../../student/Desktop/SevenDaysToFry -A&W/Content/FPS_Weapon_Bundle/Weapons/Textures/SMG11/T_SMG11_Rem_ALB.uasset" 174
"../../../../../../student/Desktop/SevenDaysToFry -A&W/Content/FPS_Weapon_Bundle/Weapons/Textures/SMG11/T_SMG11_Rem_M_MSK.uasset" 175
"../../../../../../student/Desktop/SevenDaysToFry -A&W/Content/FPS_Weapon_Bundle/Weapons/Textures/SMG11/T_SMG11_Rem_NRM.uasset" 176
"../../../../../../student/Desktop/SevenDaysToFry -A&W/Content/FPS_Weapon_Bundle/Weapons/Materials/SMG11/M_SMG11_Rem.uasset" 177
"../../../../../../student/Desktop/SevenDaysToFry -A&W/Content/FPS_Weapon_Bundle/Weapons/Meshes/SMG11/SM_SMG11_X.uasset" 178
"../../../../../../student/Desktop/SevenDaysToFry -A&W/Content/Sounds/gun1sound.uasset" 179
"../../../../../../student/Desktop/SevenDaysToFry -A&W/Content/gun.uasset" 180
"../../../../../../student/Desktop/SevenDaysToFry -A&W/Content/BP_UserDoor.uasset" 181
"../../../../../../student/Desktop/SevenDaysToFry -A&W/Content/RecipeData/Ingredients/IngredientTemplate.uasset" 182
"../../../../../../student/Desktop/SevenDaysToFry -A&W/Content/RecipeData/Ingredients/BP_Ingredient_Buns.uasset" 183
"../../../../../../student/Desktop/SevenDaysToFry -A&W/Content/StarterContent/Shapes/Shape_Cube.uasset" 184
"../../../../../../student/Desktop/SevenDaysToFry -A&W/Content/RecipeData/Ingredients/BP_Ingredient_Cheese.uasset" 185
"../../../../../../student/Desktop/SevenDaysToFry -A&W/Content/Mats/RawPatty.uasset" 186
"../../../../../../student/Desktop/SevenDaysToFry -A&W/Content/RecipeData/Ingredients/BP_Ingredient_Patty.uasset" 187
"../../../../../../student/Desktop/SevenDaysToFry -A&W/Content/StarterContent/Textures/T_Wood_Oak_D.uasset" 188
"../../../../../../student/Desktop/SevenDaysToFry -A&W/Content/StarterContent/Textures/T_Wood_Oak_N.uasset" 189
"../../../../../../student/Desktop/SevenDaysToFry -A&W/Content/StarterContent/Materials/M_Wood_Oak.uasset" 190
"../../../../../../student/Desktop/SevenDaysToFry -A&W/Content/RecipeData/Ingredients/BP_Ingredient_Grilled_Bacon.uasset" 191
"../../../../../../student/Desktop/SevenDaysToFry -A&W/Content/RecipeData/Ingredients/BP_Ingredient_Grilled_Patty.uasset" 192
"../../../../../../student/Desktop/SevenDaysToFry -A&W/Content/StarterContent/Textures/T_ground_Moss_D.uasset" 193
"../../../../../../student/Desktop/SevenDaysToFry -A&W/Content/StarterContent/Textures/T_Ground_Moss_N.uasset" 194
"../../../../../../student/Desktop/SevenDaysToFry -A&W/Content/StarterContent/Textures/T_Perlin_Noise_M.uasset" 195
"../../../../../../student/Desktop/SevenDaysToFry -A&W/Content/StarterContent/Materials/M_Ground_Moss.uasset" 196
"../../../../../../student/Desktop/SevenDaysToFry -A&W/Content/RecipeData/Ingredients/BP_Ingredient_Lettuce.uasset" 197
"../../../../../../student/Desktop/SevenDaysToFry -A&W/Content/StarterContent/Textures/T_Metal_Copper_D.uasset" 198
"../../../../../../student/Desktop/SevenDaysToFry -A&W/Content/StarterContent/Materials/M_Metal_Copper.uasset" 199
"../../../../../../student/Desktop/SevenDaysToFry -A&W/Content/RecipeData/Ingredients/BP_Ingredient_Onions.uasset" 200
"../../../../../../student/Desktop/SevenDaysToFry -A&W/Content/RecipeData/Ingredients/BP_Ingredient_Pickles.uasset" 201
"../../../../../../student/Desktop/SevenDaysToFry -A&W/Content/StarterContent/Textures/T_Metal_Steel_D.uasset" 202
"../../../../../../student/Desktop/SevenDaysToFry -A&W/Content/StarterContent/Textures/T_Metal_Steel_N.uasset" 203
"../../../../../../student/Desktop/SevenDaysToFry -A&W/Content/StarterContent/Materials/M_Metal_Steel.uasset" 204
"../../../../../../student/Desktop/SevenDaysToFry -A&W/Content/FinalProjectBlueprints/BP_Counter_slot_1.uasset" 205
"../../../../../../student/Desktop/SevenDaysToFry -A&W/Content/FinalProjectBlueprints/BP_Counter_Slot_2.uasset" 206
"../../../../../../student/Desktop/SevenDaysToFry -A&W/Content/FinalProjectBlueprints/BP_Counter_Slot_3.uasset" 207
"../../../../../../student/Desktop/SevenDaysToFry -A&W/Content/FinalProjectBlueprints/BP_Counter_Slot_4.uasset" 208
"../../../../../../student/Desktop/SevenDaysToFry -A&W/Content/FinalProjectBlueprints/BP_Counter_Slot_5.uasset" 209
"../../../../../../student/Desktop/SevenDaysToFry -A&W/Content/FinalProjectBlueprints/BP_Counter_Slot_6.uasset" 210
"../../../../../../student/Desktop/SevenDaysToFry -A&W/Content/FinalProjectBlueprints/BP_Counter_Slot_7.uasset" 211
"../../../../../../student/Desktop/SevenDaysToFry -A&W/Content/FinalProjectBlueprints/BP_Bacon_Burger.uasset" 212
"../../../../../../student/Desktop/SevenDaysToFry -A&W/Content/FinalProjectBlueprints/BP_Bacon_Burger_With_Cheese.uasset" 213
"../../../../../../student/Desktop/SevenDaysToFry -A&W/Content/FinalProjectBlueprints/BP_Cheese_Burger.uasset" 214
"../../../../../../student/Desktop/SevenDaysToFry -A&W/Content/FinalProjectBlueprints/BP_Grilled_Cheese.uasset" 215
"../../../../../../student/Desktop/SevenDaysToFry -A&W/Content/FinalProjectBlueprints/BP_Meat_Monster.uasset" 216
"../../../../../../student/Desktop/SevenDaysToFry -A&W/Content/FinalProjectBlueprints/BP_Meat_Monster_Supreme.uasset" 217
"../../../../../../student/Desktop/SevenDaysToFry -A&W/Content/FinalProjectBlueprints/BP_Quarter_Pounder.uasset" 218
"../../../../../../student/Desktop/SevenDaysToFry -A&W/Content/FinalProjectBlueprints/BP_Quarter_Pounder_With_Cheese.uasset" 219
"../../../../../../student/Desktop/SevenDaysToFry -A&W/Content/FinalProjectBlueprints/BP_Triple_Decker.uasset" 220
"../../../../../../student/Desktop/SevenDaysToFry -A&W/Content/StarterContent/Textures/T_Wood_Pine_D.uasset" 221
"../../../../../../student/Desktop/SevenDaysToFry -A&W/Content/StarterContent/Textures/T_Wood_Pine_N.uasset" 222
"../../../../../../student/Desktop/SevenDaysToFry -A&W/Content/StarterContent/Materials/M_Wood_Pine.uasset" 223
"../../../../../../student/Desktop/SevenDaysToFry -A&W/Content/FinalProjectBlueprints/BP_Counter_Slot_Finished_Product.uasset" 224
"../../../../../../student/Desktop/SevenDaysToFry -A&W/Content/FinalProjectBlueprints/BP_Grill_Progress_Bar.uasset" 225
"../../../Engine/Content/MapTemplates/Sky/M_BlackBackground.uasset" 226
"../../../../../../student/Desktop/SevenDaysToFry -A&W/Content/Mats/lightgrey.uasset" 227
"../../../../../../student/Desktop/SevenDaysToFry -A&W/Content/Sounds/Grill.uasset" 228
"../../../../../../student/Desktop/SevenDaysToFry -A&W/Content/FinalProjectBlueprints/BP_Grill.uasset" 229
"../../../../../../student/Desktop/SevenDaysToFry -A&W/Content/Mats/RawBacon.uasset" 230
"../../../../../../student/Desktop/SevenDaysToFry -A&W/Content/RecipeData/Ingredients/BP_Ingredient_Bacon.uasset" 231
"../../../Engine/Content/Functions/Engine_MaterialFunctions02/Utility/BlendAngleCorrectedNormals.uasset" 232
"../../../../../../student/Desktop/SevenDaysToFry -A&W/Content/StarterContent/Textures/T_Tech_Hex_Tile_M.uasset" 233
"../../../../../../student/Desktop/SevenDaysToFry -A&W/Content/StarterContent/Textures/T_Tech_Hex_Tile_N.uasset" 234
"../../../../../../student/Desktop/SevenDaysToFry -A&W/Content/StarterContent/Materials/M_Tech_Hex_Tile.uasset" 235
"../../../../../../student/Desktop/SevenDaysToFry -A&W/Content/FinalProjectBlueprints/BP_Trashcan.uasset" 236
"../../../../../../student/Desktop/SevenDaysToFry -A&W/Content/RecipeData/Ingredients/BP_Ingredient_Bacon_Spawner.uasset" 237
"../../../../../../student/Desktop/SevenDaysToFry -A&W/Content/RecipeData/Ingredients/BP_Ingredient_Buns_Spawner.uasset" 238
"../../../../../../student/Desktop/SevenDaysToFry -A&W/Content/RecipeData/Ingredients/BP_Ingredient_Cheese_Spawner.uasset" 239
"../../../../../../student/Desktop/SevenDaysToFry -A&W/Content/RecipeData/Ingredients/BP_Ingredient_Lettuce_Spawner.uasset" 240
"../../../../../../student/Desktop/SevenDaysToFry -A&W/Content/RecipeData/Ingredients/BP_Ingredient_Onions_Spawner.uasset" 241
"../../../../../../student/Desktop/SevenDaysToFry -A&W/Content/RecipeData/Ingredients/BP_Ingredient_Patty_Spawner.uasset" 242
"../../../../../../student/Desktop/SevenDaysToFry -A&W/Content/RecipeData/Ingredients/BP_Ingredient_Pickles_Spawner.uasset" 243
"../../../../../../student/Desktop/SevenDaysToFry -A&W/Content/Tutorial/Grill_Tutorial.uasset" 244
"../../../../../../student/Desktop/SevenDaysToFry -A&W/Content/Tutorial/TutorialManager.uasset" 245
"../../../../../../student/Desktop/SevenDaysToFry -A&W/Content/FinalProjectBlueprints/BP_PlayerHealth.uasset" 246
"../../../../../../student/Desktop/SevenDaysToFry -A&W/Content/FinalProjectBlueprints/BP_Character.uasset" 247
"../../../../../../student/Desktop/SevenDaysToFry -A&W/Content/FinalProjectBlueprints/BP_Grilled_Patty.uasset" 248
"../../../../../../student/Desktop/SevenDaysToFry -A&W/Content/FinalProjectBlueprints/BP_Counter.uasset" 249
"../../../../../../student/Desktop/SevenDaysToFry -A&W/Content/FinalProjectBlueprints/BP_Patty.uasset" 250
"../../../../../../student/Desktop/SevenDaysToFry -A&W/Content/FirstPerson/Character/Textures/UE4_LOGO_CARD.uasset" 251
"../../../../../../student/Desktop/SevenDaysToFry -A&W/Content/FirstPerson/FPWeapon/Materials/MaterialLayers/ML_Plastic_Shiny_Beige_LOGO.uasset" 252
"../../../../../../student/Desktop/SevenDaysToFry -A&W/Content/FirstPerson/FPWeapon/Materials/MaterialLayers/T_ML_FineRubber.uasset" 253
"../../../../../../student/Desktop/SevenDaysToFry -A&W/Content/FirstPerson/FPWeapon/Mesh/SK_FPGun_PhysicsAsset.uasset" 254
"../../../../../../student/Desktop/SevenDaysToFry -A&W/Content/FirstPerson/Meshes/BaseMaterial.uasset" 255
"../../../../../../student/Desktop/SevenDaysToFry -A&W/Content/FirstPerson/Meshes/CubeMaterialOverride.uasset" 256
"../../../../../../student/Desktop/SevenDaysToFry -A&W/Content/FirstPersonBP/UserHUD.uasset" 257
"../../../../../../student/Desktop/SevenDaysToFry -A&W/Content/FirstPerson/Character/Mesh/SK_Mannequin_Arms_Skeleton.uasset" 258
"../../../../../../student/Desktop/SevenDaysToFry -A&W/Content/FirstPerson/Animations/FirstPerson_Idle.uasset" 259
"../../../../../../student/Desktop/SevenDaysToFry -A&W/Content/FirstPerson/Animations/FirstPerson_JumpEnd.uasset" 260
"../../../../../../student/Desktop/SevenDaysToFry -A&W/Content/FirstPerson/Animations/FirstPerson_JumpLoop.uasset" 261
"../../../../../../student/Desktop/SevenDaysToFry -A&W/Content/FirstPerson/Animations/FirstPerson_JumpStart.uasset" 262
"../../../../../../student/Desktop/SevenDaysToFry -A&W/Content/FirstPerson/Animations/FirstPerson_Run.uasset" 263
"../../../../../../student/Desktop/SevenDaysToFry -A&W/Content/FirstPerson/Animations/FirstPerson_AnimBP.uasset" 264
"../../../../../../student/Desktop/SevenDaysToFry -A&W/Content/FirstPerson/Animations/FirstPerson_Fire.uasset" 265
"../../../../../../student/Desktop/SevenDaysToFry -A&W/Content/FirstPerson/Animations/FirstPersonFire_Montage.uasset" 266
"../../../../../../student/Desktop/SevenDaysToFry -A&W/Content/FirstPerson/Meshes/FirstPersonProjectileMaterial.uasset" 267
"../../../../../../student/Desktop/SevenDaysToFry -A&W/Content/FirstPerson/Meshes/FirstPersonProjectileMesh.uasset" 268
"../../../../../../student/Desktop/SevenDaysToFry -A&W/Content/FirstPersonBP/Blueprints/FirstPersonProjectile.uasset" 269
"../../../../../../student/Desktop/SevenDaysToFry -A&W/Content/FirstPerson/Audio/FirstPersonTemplateWeaponFire02.uasset" 270
"../../../Engine/Content/Functions/MaterialLayerFunctions/MatLayerBlend_NormalBlend.uasset" 271
"../../../Engine/Content/Functions/MaterialLayerFunctions/MatLayerBlend_Simple.uasset" 272
"../../../../../../student/Desktop/SevenDaysToFry -A&W/Content/FirstPerson/Character/Materials/MaterialLayers/T_ML_Rubber_Blue_01_D.uasset" 273
"../../../../../../student/Desktop/SevenDaysToFry -A&W/Content/FirstPerson/Character/Materials/MaterialLayers/T_ML_Rubber_Blue_01_N.uasset" 274
"../../../../../../student/Desktop/SevenDaysToFry -A&W/Content/FirstPerson/Character/Materials/MaterialLayers/ML_GlossyBlack_Latex_UE4.uasset" 275
"../../../../../../student/Desktop/SevenDaysToFry -A&W/Content/FirstPerson/Character/Materials/MaterialLayers/ML_Plastic_Shiny_Beige.uasset" 276
"../../../../../../student/Desktop/SevenDaysToFry -A&W/Content/FirstPerson/Character/Materials/MaterialLayers/ML_Plastic_Shiny_Beige_LOGO.uasset" 277
"../../../../../../student/Desktop/SevenDaysToFry -A&W/Content/FirstPerson/Character/Materials/MaterialLayers/T_ML_Aluminum01.uasset" 278
"../../../../../../student/Desktop/SevenDaysToFry -A&W/Content/FirstPerson/Character/Materials/MaterialLayers/T_ML_Aluminum01_N.uasset" 279
"../../../../../../student/Desktop/SevenDaysToFry -A&W/Content/FirstPerson/Character/Materials/MaterialLayers/ML_SoftMetal_UE4.uasset" 280
"../../../../../../student/Desktop/SevenDaysToFry -A&W/Content/FirstPerson/Character/Textures/UE4_Mannequin__normals.uasset" 281
"../../../../../../student/Desktop/SevenDaysToFry -A&W/Content/FirstPerson/Character/Textures/UE4_Mannequin_MAT_MASKA.uasset" 282
"../../../../../../student/Desktop/SevenDaysToFry -A&W/Content/FirstPerson/Character/Materials/M_UE4Man_Body.uasset" 283
"../../../../../../student/Desktop/SevenDaysToFry -A&W/Content/FirstPerson/Character/Mesh/SK_Mannequin_Arms_PhysicsAsset.uasset" 284
"../../../../../../student/Desktop/SevenDaysToFry -A&W/Content/FirstPerson/Character/Mesh/SK_Mannequin_Arms.uasset" 285
"../../../../../../student/Desktop/SevenDaysToFry -A&W/Content/FirstPerson/FPWeapon/Materials/MaterialLayers/T_ML_Rubber_Blue_01_D.uasset" 286
"../../../../../../student/Desktop/SevenDaysToFry -A&W/Content/FirstPerson/FPWeapon/Materials/MaterialLayers/T_ML_Rubber_Blue_01_N.uasset" 287
"../../../../../../student/Desktop/SevenDaysToFry -A&W/Content/FirstPerson/FPWeapon/Materials/MaterialLayers/ML_GlossyBlack_Latex_UE4.uasset" 288
"../../../../../../student/Desktop/SevenDaysToFry -A&W/Content/FirstPerson/FPWeapon/Materials/MaterialLayers/ML_Plastic_Shiny_Beige.uasset" 289
"../../../../../../student/Desktop/SevenDaysToFry -A&W/Content/FirstPerson/FPWeapon/Materials/MaterialLayers/ML_Screen.uasset" 290
"../../../../../../student/Desktop/SevenDaysToFry -A&W/Content/FirstPerson/FPWeapon/Materials/MaterialLayers/T_ML_Aluminum01.uasset" 291
"../../../../../../student/Desktop/SevenDaysToFry -A&W/Content/FirstPerson/FPWeapon/Materials/MaterialLayers/T_ML_Aluminum01_N.uasset" 292
"../../../../../../student/Desktop/SevenDaysToFry -A&W/Content/FirstPerson/FPWeapon/Materials/MaterialLayers/ML_SoftMetal_UE4.uasset" 293
"../../../../../../student/Desktop/SevenDaysToFry -A&W/Content/FirstPerson/FPWeapon/Textures/T_FPGun_M.uasset" 294
"../../../../../../student/Desktop/SevenDaysToFry -A&W/Content/FirstPerson/FPWeapon/Textures/T_FPGun_N.uasset" 295
"../../../../../../student/Desktop/SevenDaysToFry -A&W/Content/FirstPerson/FPWeapon/Materials/M_FPGun.uasset" 296
"../../../../../../student/Desktop/SevenDaysToFry -A&W/Content/FirstPerson/FPWeapon/Mesh/SK_FPGun_Skeleton.uasset" 297
"../../../../../../student/Desktop/SevenDaysToFry -A&W/Content/FirstPerson/FPWeapon/Mesh/SK_FPGun.uasset" 298
"../../../../../../student/Desktop/SevenDaysToFry -A&W/Content/FirstPersonBP/Blueprints/FirstPersonCharacter.uasset" 299
"../../../../../../student/Desktop/SevenDaysToFry -A&W/Content/FirstPerson/Textures/FirstPersonCrosshair.uasset" 300
"../../../../../../student/Desktop/SevenDaysToFry -A&W/Content/FirstPersonBP/Blueprints/FirstPersonHUD.uasset" 301
"../../../../../../student/Desktop/SevenDaysToFry -A&W/Content/FirstPersonBP/Blueprints/FirstPersonGameMode.uasset" 302
"../../../../../../student/Desktop/SevenDaysToFry -A&W/Content/FPS_Weapon_Bundle/Weapons/Textures/Accessories/T_V_Grip_ALB.uasset" 303
"../../../../../../student/Desktop/SevenDaysToFry -A&W/Content/FPS_Weapon_Bundle/Weapons/Textures/Accessories/T_V_Grip_M_MSK.uasset" 304
"../../../../../../student/Desktop/SevenDaysToFry -A&W/Content/FPS_Weapon_Bundle/Weapons/Textures/Accessories/T_V_Grip_NRM.uasset" 305
"../../../../../../student/Desktop/SevenDaysToFry -A&W/Content/FPS_Weapon_Bundle/Weapons/Materials/Accessories/M_V_Grip.uasset" 306
"../../../../../../student/Desktop/SevenDaysToFry -A&W/Content/FPS_Weapon_Bundle/Weapons/Materials/Accessories/M_V_Grip_Green.uasset" 307
"../../../../../../student/Desktop/SevenDaysToFry -A&W/Content/FPS_Weapon_Bundle/Weapons/Textures/KA47/T_KA47_Gold_ALB.uasset" 308
"../../../../../../student/Desktop/SevenDaysToFry -A&W/Content/FPS_Weapon_Bundle/Weapons/Textures/KA47/T_KA47_Gold_M_MSK.uasset" 309
"../../../../../../student/Desktop/SevenDaysToFry -A&W/Content/FPS_Weapon_Bundle/Weapons/Materials/Ka47/M_KA47_Gold.uasset" 310
"../../../../../../student/Desktop/SevenDaysToFry -A&W/Content/FPS_Weapon_Bundle/Weapons/Textures/KA74U/T_KA74U_Gold_ALB.uasset" 311
"../../../../../../student/Desktop/SevenDaysToFry -A&W/Content/FPS_Weapon_Bundle/Weapons/Textures/KA74U/T_KA74U_Gold_M_MSK.uasset" 312
"../../../../../../student/Desktop/SevenDaysToFry -A&W/Content/FPS_Weapon_Bundle/Weapons/Materials/KA74U/M_KA74U_Gold.uasset" 313
"../../../../../../student/Desktop/SevenDaysToFry -A&W/Content/FPS_Weapon_Bundle/Weapons/Materials/KA_Val/M_KA_Val_Black_Striped.uasset" 314
"../../../../../../student/Desktop/SevenDaysToFry -A&W/Content/FPS_Weapon_Bundle/Weapons/Textures/RDS/T_RDS_01.uasset" 315
"../../../../../../student/Desktop/SevenDaysToFry -A&W/Content/FPS_Weapon_Bundle/Weapons/Materials/Master_Material/M_RDS_Master.uasset" 316
"../../../../../../student/Desktop/SevenDaysToFry -A&W/Content/FPS_Weapon_Bundle/Weapons/Materials/RDS/M_RDS_01.uasset" 317
"../../../../../../student/Desktop/SevenDaysToFry -A&W/Content/FPS_Weapon_Bundle/Weapons/Textures/RDS/T_RDS_02.uasset" 318
"../../../../../../student/Desktop/SevenDaysToFry -A&W/Content/FPS_Weapon_Bundle/Weapons/Materials/RDS/M_RDS_02.uasset" 319
"../../../../../../student/Desktop/SevenDaysToFry -A&W/Content/FPS_Weapon_Bundle/Weapons/Textures/RDS/T_RDS_03.uasset" 320
"../../../../../../student/Desktop/SevenDaysToFry -A&W/Content/FPS_Weapon_Bundle/Weapons/Materials/RDS/M_RDS_03.uasset" 321
"../../../../../../student/Desktop/SevenDaysToFry -A&W/Content/FPS_Weapon_Bundle/Weapons/Textures/Patterns/T_Urban_Marpat_Pattern.uasset" 322
"../../../../../../student/Desktop/SevenDaysToFry -A&W/Content/FPS_Weapon_Bundle/Weapons/Materials/SMG11/M_SMG11_Camo.uasset" 323
"../../../../../../student/Desktop/SevenDaysToFry -A&W/Content/FPS_Weapon_Bundle/Weapons/Textures/Accessories/T_Scope_25x56_ALB.uasset" 324
"../../../../../../student/Desktop/SevenDaysToFry -A&W/Content/FPS_Weapon_Bundle/Weapons/Textures/Accessories/T_Scope_25x56_M_MSK.uasset" 325
"../../../../../../student/Desktop/SevenDaysToFry -A&W/Content/FPS_Weapon_Bundle/Weapons/Textures/Accessories/T_Scope_25x56_NRM.uasset" 326
"../../../../../../student/Desktop/SevenDaysToFry -A&W/Content/FPS_Weapon_Bundle/Weapons/Materials/Accessories/M_Scope_25x56.uasset" 327
"../../../../../../student/Desktop/SevenDaysToFry -A&W/Content/FPS_Weapon_Bundle/Weapons/Textures/Accessories/T_Scope_25x56_Lens_ALB.uasset" 328
"../../../../../../student/Desktop/SevenDaysToFry -A&W/Content/FPS_Weapon_Bundle/Weapons/Textures/Accessories/T_Scope_25x56_Lens_M_MSK.uasset" 329
"../../../../../../student/Desktop/SevenDaysToFry -A&W/Content/FPS_Weapon_Bundle/Weapons/Materials/Master_Material/M_Scope_Lens_MASTER.uasset" 330
"../../../../../../student/Desktop/SevenDaysToFry -A&W/Content/FPS_Weapon_Bundle/Weapons/Materials/Accessories/M_Scope_25x56_Lens.uasset" 331
"../../../../../../student/Desktop/SevenDaysToFry -A&W/Content/FPS_Weapon_Bundle/Weapons/Meshes/Accessories/SM_Scope_25x56_X.uasset" 332
"../../../../../../student/Desktop/SevenDaysToFry -A&W/Content/FPS_Weapon_Bundle/Weapons/Materials/Accessories/M_Scope_25x56_Lens_NoAlpha.uasset" 333
"../../../../../../student/Desktop/SevenDaysToFry -A&W/Content/FPS_Weapon_Bundle/Weapons/Meshes/Accessories/SM_Scope_25x56_Y.uasset" 334
"../../../../../../student/Desktop/SevenDaysToFry -A&W/Content/FPS_Weapon_Bundle/Weapons/Textures/Accessories/T_Suppressor5_ALB.uasset" 335
"../../../../../../student/Desktop/SevenDaysToFry -A&W/Content/FPS_Weapon_Bundle/Weapons/Textures/Accessories/T_Suppressor5_M_MSK.uasset" 336
"../../../../../../student/Desktop/SevenDaysToFry -A&W/Content/FPS_Weapon_Bundle/Weapons/Textures/Accessories/T_Suppressor5_NRM.uasset" 337
"../../../../../../student/Desktop/SevenDaysToFry -A&W/Content/FPS_Weapon_Bundle/Weapons/Materials/Accessories/M_Suppressor5.uasset" 338
"../../../../../../student/Desktop/SevenDaysToFry -A&W/Content/FPS_Weapon_Bundle/Weapons/Meshes/Accessories/SM_Suppressor5.uasset" 339
"../../../../../../student/Desktop/SevenDaysToFry -A&W/Content/FPS_Weapon_Bundle/Weapons/Materials/RDS/M_RDS_Glass.uasset" 340
"../../../../../../student/Desktop/SevenDaysToFry -A&W/Content/FPS_Weapon_Bundle/Weapons/Textures/Accessories/T_Tc4_ALB.uasset" 341
"../../../../../../student/Desktop/SevenDaysToFry -A&W/Content/FPS_Weapon_Bundle/Weapons/Textures/Accessories/T_Tc4_M_MSK.uasset" 342
"../../../../../../student/Desktop/SevenDaysToFry -A&W/Content/FPS_Weapon_Bundle/Weapons/Textures/Accessories/T_Tc4_NRM.uasset" 343
"../../../../../../student/Desktop/SevenDaysToFry -A&W/Content/FPS_Weapon_Bundle/Weapons/Materials/Accessories/M_Tc4_Sight.uasset" 344
"../../../../../../student/Desktop/SevenDaysToFry -A&W/Content/FPS_Weapon_Bundle/Weapons/Meshes/Accessories/SM_T4_Sight.uasset" 345
"../../../../../../student/Desktop/SevenDaysToFry -A&W/Content/FPS_Weapon_Bundle/Weapons/Meshes/Accessories/SM_Vertgrip.uasset" 346
"../../../../../../student/Desktop/SevenDaysToFry -A&W/Content/FPS_Weapon_Bundle/Weapons/Textures/Ammunition/T_12Gauge_ALB.uasset" 347
"../../../../../../student/Desktop/SevenDaysToFry -A&W/Content/FPS_Weapon_Bundle/Weapons/Textures/Ammunition/T_12Gauge_M_MSK.uasset" 348
"../../../../../../student/Desktop/SevenDaysToFry -A&W/Content/FPS_Weapon_Bundle/Weapons/Textures/Ammunition/T_12Gauge_NRM.uasset" 349
"../../../../../../student/Desktop/SevenDaysToFry -A&W/Content/FPS_Weapon_Bundle/Weapons/Materials/Ammunition/M_Ammo_12gauge.uasset" 350
"../../../../../../student/Desktop/SevenDaysToFry -A&W/Content/FPS_Weapon_Bundle/Weapons/Meshes/Ammunition/SM_Shell_12Gauge.uasset" 351
"../../../../../../student/Desktop/SevenDaysToFry -A&W/Content/FPS_Weapon_Bundle/Weapons/Meshes/Ammunition/SM_Shell_12Gauge_Empty.uasset" 352
"../../../../../../student/Desktop/SevenDaysToFry -A&W/Content/FPS_Weapon_Bundle/Weapons/Textures/Ammunition/T_40mm_Grenade_ALB.uasset" 353
"../../../../../../student/Desktop/SevenDaysToFry -A&W/Content/FPS_Weapon_Bundle/Weapons/Textures/Ammunition/T_40mm_Grenade_M_MSK.uasset" 354
"../../../../../../student/Desktop/SevenDaysToFry -A&W/Content/FPS_Weapon_Bundle/Weapons/Textures/Ammunition/T_40mm_Grenade_NRM.uasset" 355
"../../../../../../student/Desktop/SevenDaysToFry -A&W/Content/FPS_Weapon_Bundle/Weapons/Materials/Ammunition/M_40mm_Grenade.uasset" 356
"../../../../../../student/Desktop/SevenDaysToFry -A&W/Content/FPS_Weapon_Bundle/Weapons/Meshes/Ammunition/SM_Shell_40mm_G.uasset" 357
"../../../../../../student/Desktop/SevenDaysToFry -A&W/Content/FPS_Weapon_Bundle/Weapons/Meshes/Ammunition/SM_Shell_40mm_G_Empty.uasset" 358
"../../../../../../student/Desktop/SevenDaysToFry -A&W/Content/FPS_Weapon_Bundle/Weapons/Textures/Ammunition/T_45ap_ALB.uasset" 359
"../../../../../../student/Desktop/SevenDaysToFry -A&W/Content/FPS_Weapon_Bundle/Weapons/Textures/Ammunition/T_45ap_M_MSK.uasset" 360
"../../../../../../student/Desktop/SevenDaysToFry -A&W/Content/FPS_Weapon_Bundle/Weapons/Textures/Ammunition/T_45ap_NRM.uasset" 361
"../../../../../../student/Desktop/SevenDaysToFry -A&W/Content/FPS_Weapon_Bundle/Weapons/Materials/Ammunition/M_45ap.uasset" 362
"../../../../../../student/Desktop/SevenDaysToFry -A&W/Content/FPS_Weapon_Bundle/Weapons/Meshes/Ammunition/SM_Shell_45ap.uasset" 363
"../../../../../../student/Desktop/SevenDaysToFry -A&W/Content/FPS_Weapon_Bundle/Weapons/Meshes/Ammunition/SM_Shell_45ap_Empty.uasset" 364
"../../../../../../student/Desktop/SevenDaysToFry -A&W/Content/FPS_Weapon_Bundle/Weapons/Meshes/Ammunition/SM_Shell_545x39.uasset" 365
"../../../../../../student/Desktop/SevenDaysToFry -A&W/Content/FPS_Weapon_Bundle/Weapons/Meshes/Ammunition/SM_Shell_545x39_Empty.uasset" 366
"../../../../../../student/Desktop/SevenDaysToFry -A&W/Content/FPS_Weapon_Bundle/Weapons/Meshes/Ammunition/SM_Shell_556x45.uasset" 367
"../../../../../../student/Desktop/SevenDaysToFry -A&W/Content/FPS_Weapon_Bundle/Weapons/Meshes/Ammunition/SM_Shell_556x45_Empty.uasset" 368
"../../../../../../student/Desktop/SevenDaysToFry -A&W/Content/FPS_Weapon_Bundle/Weapons/Meshes/Ammunition/SM_Shell_762x39.uasset" 369
"../../../../../../student/Desktop/SevenDaysToFry -A&W/Content/FPS_Weapon_Bundle/Weapons/Meshes/Ammunition/SM_Shell_762x39_Empty.uasset" 370
"../../../../../../student/Desktop/SevenDaysToFry -A&W/Content/FPS_Weapon_Bundle/Weapons/Meshes/Ammunition/SM_Shell_762x51.uasset" 371
"../../../../../../student/Desktop/SevenDaysToFry -A&W/Content/FPS_Weapon_Bundle/Weapons/Meshes/Ammunition/SM_Shell_762x51_Empty.uasset" 372
"../../../../../../student/Desktop/SevenDaysToFry -A&W/Content/FPS_Weapon_Bundle/Weapons/Textures/Ammunition/T_9mm_ALB.uasset" 373
"../../../../../../student/Desktop/SevenDaysToFry -A&W/Content/FPS_Weapon_Bundle/Weapons/Textures/Ammunition/T_9mm_M_MSK.uasset" 374
"../../../../../../student/Desktop/SevenDaysToFry -A&W/Content/FPS_Weapon_Bundle/Weapons/Textures/Ammunition/T_9mm_NRM.uasset" 375
"../../../../../../student/Desktop/SevenDaysToFry -A&W/Content/FPS_Weapon_Bundle/Weapons/Materials/Ammunition/M_9mm.uasset" 376
"../../../../../../student/Desktop/SevenDaysToFry -A&W/Content/FPS_Weapon_Bundle/Weapons/Meshes/Ammunition/SM_Shell_9mm.uasset" 377
"../../../../../../student/Desktop/SevenDaysToFry -A&W/Content/FPS_Weapon_Bundle/Weapons/Meshes/Ammunition/SM_Shell_9mm_Empty.uasset" 378
"../../../../../../student/Desktop/SevenDaysToFry -A&W/Content/FPS_Weapon_Bundle/Weapons/Textures/Ammunition/T_9x18_ALB.uasset" 379
"../../../../../../student/Desktop/SevenDaysToFry -A&W/Content/FPS_Weapon_Bundle/Weapons/Textures/Ammunition/T_9x18_M_MSK.uasset" 380
"../../../../../../student/Desktop/SevenDaysToFry -A&W/Content/FPS_Weapon_Bundle/Weapons/Textures/Ammunition/T_9x18_NRM.uasset" 381
"../../../../../../student/Desktop/SevenDaysToFry -A&W/Content/FPS_Weapon_Bundle/Weapons/Materials/Ammunition/M_9x18.uasset" 382
"../../../../../../student/Desktop/SevenDaysToFry -A&W/Content/FPS_Weapon_Bundle/Weapons/Meshes/Ammunition/SM_Shell_9x18.uasset" 383
"../../../../../../student/Desktop/SevenDaysToFry -A&W/Content/FPS_Weapon_Bundle/Weapons/Meshes/Ammunition/SM_Shell_9x18_Empty.uasset" 384
"../../../../../../student/Desktop/SevenDaysToFry -A&W/Content/FPS_Weapon_Bundle/Weapons/Meshes/AR4/SK_AR4_Physics.uasset" 385
"../../../../../../student/Desktop/SevenDaysToFry -A&W/Content/FPS_Weapon_Bundle/Weapons/Meshes/AR4/SK_AR4_Skeleton.uasset" 386
"../../../../../../student/Desktop/SevenDaysToFry -A&W/Content/FPS_Weapon_Bundle/Weapons/Meshes/AR4/SK_AR4.uasset" 387
"../../../../../../student/Desktop/SevenDaysToFry -A&W/Content/FPS_Weapon_Bundle/Weapons/Meshes/AR4/SK_AR4_X_Physics.uasset" 388
"../../../../../../student/Desktop/SevenDaysToFry -A&W/Content/FPS_Weapon_Bundle/Weapons/Meshes/AR4/SK_AR4_X_Skeleton.uasset" 389
"../../../../../../student/Desktop/SevenDaysToFry -A&W/Content/FPS_Weapon_Bundle/Weapons/Meshes/AR4/SK_AR4_X.uasset" 390
"../../../../../../student/Desktop/SevenDaysToFry -A&W/Content/FPS_Weapon_Bundle/Weapons/Meshes/AR4/SM_AR4.uasset" 391
"../../../../../../student/Desktop/SevenDaysToFry -A&W/Content/FPS_Weapon_Bundle/Weapons/Meshes/AR4/SM_AR4_Mag.uasset" 392
"../../../../../../student/Desktop/SevenDaysToFry -A&W/Content/FPS_Weapon_Bundle/Weapons/Meshes/AR4/SM_AR4_Mag_Empty.uasset" 393
"../../../../../../student/Desktop/SevenDaysToFry -A&W/Content/FPS_Weapon_Bundle/Weapons/Textures/G67_Grenade/T_G67_ALB.uasset" 394
"../../../../../../student/Desktop/SevenDaysToFry -A&W/Content/FPS_Weapon_Bundle/Weapons/Textures/G67_Grenade/T_G67_M_MSK.uasset" 395
"../../../../../../student/Desktop/SevenDaysToFry -A&W/Content/FPS_Weapon_Bundle/Weapons/Textures/G67_Grenade/T_G67_NRM.uasset" 396
"../../../../../../student/Desktop/SevenDaysToFry -A&W/Content/FPS_Weapon_Bundle/Weapons/Materials/G67_Grenade/M_G67.uasset" 397
"../../../../../../student/Desktop/SevenDaysToFry -A&W/Content/FPS_Weapon_Bundle/Weapons/Meshes/G67_Grenade/SK_G67_Physics.uasset" 398
"../../../../../../student/Desktop/SevenDaysToFry -A&W/Content/FPS_Weapon_Bundle/Weapons/Meshes/G67_Grenade/SK_G67_Skeleton.uasset" 399
"../../../../../../student/Desktop/SevenDaysToFry -A&W/Content/FPS_Weapon_Bundle/Weapons/Meshes/G67_Grenade/SK_G67.uasset" 400
"../../../../../../student/Desktop/SevenDaysToFry -A&W/Content/FPS_Weapon_Bundle/Weapons/Meshes/G67_Grenade/SK_G67_X_Physics.uasset" 401
"../../../../../../student/Desktop/SevenDaysToFry -A&W/Content/FPS_Weapon_Bundle/Weapons/Meshes/G67_Grenade/SK_G67_X_Skeleton.uasset" 402
"../../../../../../student/Desktop/SevenDaysToFry -A&W/Content/FPS_Weapon_Bundle/Weapons/Meshes/G67_Grenade/SK_G67_X.uasset" 403
"../../../../../../student/Desktop/SevenDaysToFry -A&W/Content/FPS_Weapon_Bundle/Weapons/Meshes/G67_Grenade/SM_G67.uasset" 404
"../../../../../../student/Desktop/SevenDaysToFry -A&W/Content/FPS_Weapon_Bundle/Weapons/Meshes/G67_Grenade/SM_G67_Thrown.uasset" 405
"../../../../../../student/Desktop/SevenDaysToFry -A&W/Content/FPS_Weapon_Bundle/Weapons/Meshes/G67_Grenade/SM_G67_X.uasset" 406
"../../../../../../student/Desktop/SevenDaysToFry -A&W/Content/FPS_Weapon_Bundle/Weapons/Meshes/Ka47/SK_KA47_Physics.uasset" 407
"../../../../../../student/Desktop/SevenDaysToFry -A&W/Content/FPS_Weapon_Bundle/Weapons/Meshes/Ka47/SK_KA47_Skeleton.uasset" 408
"../../../../../../student/Desktop/SevenDaysToFry -A&W/Content/FPS_Weapon_Bundle/Weapons/Meshes/Ka47/SK_KA47.uasset" 409
"../../../../../../student/Desktop/SevenDaysToFry -A&W/Content/FPS_Weapon_Bundle/Weapons/Meshes/Ka47/SK_KA47_X_Physics.uasset" 410
"../../../../../../student/Desktop/SevenDaysToFry -A&W/Content/FPS_Weapon_Bundle/Weapons/Meshes/Ka47/SK_KA47_X_Skeleton.uasset" 411
"../../../../../../student/Desktop/SevenDaysToFry -A&W/Content/FPS_Weapon_Bundle/Weapons/Meshes/Ka47/SK_KA47_X.uasset" 412
"../../../../../../student/Desktop/SevenDaysToFry -A&W/Content/FPS_Weapon_Bundle/Weapons/Meshes/Ka47/SM_KA47.uasset" 413
"../../../../../../student/Desktop/SevenDaysToFry -A&W/Content/FPS_Weapon_Bundle/Weapons/Meshes/Ka47/SM_KA47_Mag.uasset" 414
"../../../../../../student/Desktop/SevenDaysToFry -A&W/Content/FPS_Weapon_Bundle/Weapons/Meshes/Ka47/SM_KA47_Mag_Empty.uasset" 415
"../../../../../../student/Desktop/SevenDaysToFry -A&W/Content/FPS_Weapon_Bundle/Weapons/Meshes/KA74U/SK_KA74U_X_Physics.uasset" 416
"../../../../../../student/Desktop/SevenDaysToFry -A&W/Content/FPS_Weapon_Bundle/Weapons/Meshes/KA74U/SK_KA74U_X_Skeleton.uasset" 417
"../../../../../../student/Desktop/SevenDaysToFry -A&W/Content/FPS_Weapon_Bundle/Weapons/Meshes/KA74U/SK_KA74U_X.uasset" 418
"../../../../../../student/Desktop/SevenDaysToFry -A&W/Content/FPS_Weapon_Bundle/Weapons/Meshes/KA74U/SK_KA74U_Y_Physics.uasset" 419
"../../../../../../student/Desktop/SevenDaysToFry -A&W/Content/FPS_Weapon_Bundle/Weapons/Meshes/KA74U/SK_KA74U_Y_Skeleton.uasset" 420
"../../../../../../student/Desktop/SevenDaysToFry -A&W/Content/FPS_Weapon_Bundle/Weapons/Meshes/KA74U/SK_KA74U_Y.uasset" 421
"../../../../../../student/Desktop/SevenDaysToFry -A&W/Content/FPS_Weapon_Bundle/Weapons/Meshes/KA74U/SM_KA74U_Mag_Empty_X.uasset" 422
"../../../../../../student/Desktop/SevenDaysToFry -A&W/Content/FPS_Weapon_Bundle/Weapons/Meshes/KA74U/SM_KA74U_Mag_Empty_Y.uasset" 423
"../../../../../../student/Desktop/SevenDaysToFry -A&W/Content/FPS_Weapon_Bundle/Weapons/Meshes/KA74U/SM_KA74U_Mag_X.uasset" 424
"../../../../../../student/Desktop/SevenDaysToFry -A&W/Content/FPS_Weapon_Bundle/Weapons/Meshes/KA74U/SM_KA74U_Mag_Y.uasset" 425
"../../../../../../student/Desktop/SevenDaysToFry -A&W/Content/FPS_Weapon_Bundle/Weapons/Meshes/KA74U/SM_KA74U_Y.uasset" 426
"../../../../../../student/Desktop/SevenDaysToFry -A&W/Content/FPS_Weapon_Bundle/Weapons/Meshes/KA_Val/SK_KA_Val_X_Physics.uasset" 427
"../../../../../../student/Desktop/SevenDaysToFry -A&W/Content/FPS_Weapon_Bundle/Weapons/Meshes/KA_Val/SK_KA_Val_X_Skeleton.uasset" 428
"../../../../../../student/Desktop/SevenDaysToFry -A&W/Content/FPS_Weapon_Bundle/Weapons/Meshes/KA_Val/SK_KA_Val_X.uasset" 429
"../../../../../../student/Desktop/SevenDaysToFry -A&W/Content/FPS_Weapon_Bundle/Weapons/Meshes/KA_Val/SK_KA_Val_Y_Physics.uasset" 430
"../../../../../../student/Desktop/SevenDaysToFry -A&W/Content/FPS_Weapon_Bundle/Weapons/Meshes/KA_Val/SK_KA_Val_Y_Skeleton.uasset" 431
"../../../../../../student/Desktop/SevenDaysToFry -A&W/Content/FPS_Weapon_Bundle/Weapons/Meshes/KA_Val/SK_KA_Val_Y.uasset" 432
"../../../../../../student/Desktop/SevenDaysToFry -A&W/Content/FPS_Weapon_Bundle/Weapons/Meshes/KA_Val/SM_KA_Val_MAG_Loaded_Y.uasset" 433
"../../../../../../student/Desktop/SevenDaysToFry -A&W/Content/FPS_Weapon_Bundle/Weapons/Meshes/KA_Val/SM_KA_Val_Mag_X.uasset" 434
"../../../../../../student/Desktop/SevenDaysToFry -A&W/Content/FPS_Weapon_Bundle/Weapons/Meshes/KA_Val/SM_KA_Val_Mag_Y.uasset" 435
"../../../../../../student/Desktop/SevenDaysToFry -A&W/Content/FPS_Weapon_Bundle/Weapons/Meshes/KA_Val/SM_KA_Val_Y.uasset" 436
"../../../../../../student/Desktop/SevenDaysToFry -A&W/Content/FPS_Weapon_Bundle/Weapons/Textures/M9_Knife/T_M9_ALB.uasset" 437
"../../../../../../student/Desktop/SevenDaysToFry -A&W/Content/FPS_Weapon_Bundle/Weapons/Textures/M9_Knife/T_M9_M_MSK.uasset" 438
"../../../../../../student/Desktop/SevenDaysToFry -A&W/Content/FPS_Weapon_Bundle/Weapons/Textures/M9_Knife/T_M9_NRM.uasset" 439
"../../../../../../student/Desktop/SevenDaysToFry -A&W/Content/FPS_Weapon_Bundle/Weapons/Materials/M9_Knife/M_M9_Knife.uasset" 440
"../../../../../../student/Desktop/SevenDaysToFry -A&W/Content/FPS_Weapon_Bundle/Weapons/Meshes/M9_Knife/SK_M9_Knife_Physics.uasset" 441
"../../../../../../student/Desktop/SevenDaysToFry -A&W/Content/FPS_Weapon_Bundle/Weapons/Meshes/M9_Knife/SK_M9_Knife_Skeleton.uasset" 442
"../../../../../../student/Desktop/SevenDaysToFry -A&W/Content/FPS_Weapon_Bundle/Weapons/Meshes/M9_Knife/SK_M9_Knife.uasset" 443
"../../../../../../student/Desktop/SevenDaysToFry -A&W/Content/FPS_Weapon_Bundle/Weapons/Meshes/M9_Knife/SK_M9_Knife_X_Physics.uasset" 444
"../../../../../../student/Desktop/SevenDaysToFry -A&W/Content/FPS_Weapon_Bundle/Weapons/Meshes/M9_Knife/SK_M9_Knife_X_Skeleton.uasset" 445
"../../../../../../student/Desktop/SevenDaysToFry -A&W/Content/FPS_Weapon_Bundle/Weapons/Meshes/M9_Knife/SK_M9_Knife_X.uasset" 446
"../../../../../../student/Desktop/SevenDaysToFry -A&W/Content/FPS_Weapon_Bundle/Weapons/Meshes/M9_Knife/SM_M9_Knife.uasset" 447
"../../../../../../student/Desktop/SevenDaysToFry -A&W/Content/FPS_Weapon_Bundle/Weapons/Meshes/M9_Knife/SM_M9_Knife_X.uasset" 448
"../../../../../../student/Desktop/SevenDaysToFry -A&W/Content/FPS_Weapon_Bundle/Weapons/Meshes/SMG11/SK_SMG11_Nostock_X_Physics.uasset" 449
"../../../../../../student/Desktop/SevenDaysToFry -A&W/Content/FPS_Weapon_Bundle/Weapons/Meshes/SMG11/SK_SMG11_Nostock_X_Skeleton.uasset" 450
"../../../../../../student/Desktop/SevenDaysToFry -A&W/Content/FPS_Weapon_Bundle/Weapons/Meshes/SMG11/SK_SMG11_Nostock_X.uasset" 451
"../../../../../../student/Desktop/SevenDaysToFry -A&W/Content/FPS_Weapon_Bundle/Weapons/Meshes/SMG11/SK_SMG11_Nostock_Y_Physics.uasset" 452
"../../../../../../student/Desktop/SevenDaysToFry -A&W/Content/FPS_Weapon_Bundle/Weapons/Meshes/SMG11/SK_SMG11_Nostock_Y_Skeleton.uasset" 453
"../../../../../../student/Desktop/SevenDaysToFry -A&W/Content/FPS_Weapon_Bundle/Weapons/Meshes/SMG11/SK_SMG11_Nostock_Y.uasset" 454
"../../../../../../student/Desktop/SevenDaysToFry -A&W/Content/FPS_Weapon_Bundle/Weapons/Meshes/SMG11/SK_SMG11_X_Physics.uasset" 455
"../../../../../../student/Desktop/SevenDaysToFry -A&W/Content/FPS_Weapon_Bundle/Weapons/Meshes/SMG11/SK_SMG11_X_Skeleton.uasset" 456
"../../../../../../student/Desktop/SevenDaysToFry -A&W/Content/FPS_Weapon_Bundle/Weapons/Meshes/SMG11/SK_SMG11_X.uasset" 457
"../../../../../../student/Desktop/SevenDaysToFry -A&W/Content/FPS_Weapon_Bundle/Weapons/Meshes/SMG11/SK_SMG11_Y_Physics.uasset" 458
"../../../../../../student/Desktop/SevenDaysToFry -A&W/Content/FPS_Weapon_Bundle/Weapons/Meshes/SMG11/SK_SMG11_Y_Skeleton.uasset" 459
"../../../../../../student/Desktop/SevenDaysToFry -A&W/Content/FPS_Weapon_Bundle/Weapons/Meshes/SMG11/SK_SMG11_Y.uasset" 460
"../../../../../../student/Desktop/SevenDaysToFry -A&W/Content/FPS_Weapon_Bundle/Weapons/Meshes/SMG11/SM_SMG11_Mag_Empty_X.uasset" 461
"../../../../../../student/Desktop/SevenDaysToFry -A&W/Content/FPS_Weapon_Bundle/Weapons/Meshes/SMG11/SM_SMG11_Mag_Empty_Y.uasset" 462
"../../../../../../student/Desktop/SevenDaysToFry -A&W/Content/FPS_Weapon_Bundle/Weapons/Meshes/SMG11/SM_SMG11_Mag_X.uasset" 463
"../../../../../../student/Desktop/SevenDaysToFry -A&W/Content/FPS_Weapon_Bundle/Weapons/Meshes/SMG11/SM_SMG11_Nostock_X.uasset" 464
"../../../../../../student/Desktop/SevenDaysToFry -A&W/Content/FPS_Weapon_Bundle/Weapons/Meshes/SMG11/SM_SMG11_Nostock_Y.uasset" 465
"../../../../../../student/Desktop/SevenDaysToFry -A&W/Content/FPS_Weapon_Bundle/Weapons/Meshes/SMG11/SM_SMG11_Y.uasset" 466
"../../../../../../student/Desktop/SevenDaysToFry -A&W/Content/FPS_Weapon_Bundle/Weapons/Textures/Patterns/T_80s_Pattern.uasset" 467
"../../../../../../student/Desktop/SevenDaysToFry -A&W/Content/FPS_Weapon_Bundle/Weapons/Textures/Patterns/T_Chochip_Pattern.uasset" 468
"../../../../../../student/Desktop/SevenDaysToFry -A&W/Content/FPS_Weapon_Bundle/Weapons/Textures/Patterns/T_Cracks_Pattern.uasset" 469
"../../../../../../student/Desktop/SevenDaysToFry -A&W/Content/FPS_Weapon_Bundle/Weapons/Textures/Patterns/T_Hexagon_Glow_Pattern.uasset" 470
"../../../../../../student/Desktop/SevenDaysToFry -A&W/Content/FPS_Weapon_Bundle/Weapons/Textures/Patterns/T_Hexagon_Pattern.uasset" 471
"../../../../../../student/Desktop/SevenDaysToFry -A&W/Content/FPS_Weapon_Bundle/Weapons/Textures/Patterns/T_Ink_Pattern.uasset" 472
"../../../../../../student/Desktop/SevenDaysToFry -A&W/Content/FPS_Weapon_Bundle/Weapons/Textures/Patterns/T_Net01_Pattern.uasset" 473
"../../../../../../student/Desktop/SevenDaysToFry -A&W/Content/FPS_Weapon_Bundle/Weapons/Textures/Patterns/T_W90_Pattern.uasset" 474
"../../../../../../student/Desktop/SevenDaysToFry -A&W/Content/FPS_Weapon_Bundle/Weapons/Textures/Patterns/T_W90K_Pattern.uasset" 475
"../../../../../../student/Desktop/SevenDaysToFry -A&W/Content/Geometry/Meshes/CubeMaterial.uasset" 476
"../../../../../../student/Desktop/SevenDaysToFry -A&W/Content/Geometry/Meshes/1M_Cube_Chamfer.uasset" 477
"../../../../../../student/Desktop/SevenDaysToFry -A&W/Content/Geometry/Meshes/TemplateFloor.uasset" 478
"../../../../../../student/Desktop/SevenDaysToFry -A&W/Content/RecipeData/Ingredients/BP_Patty.uasset" 479
"../../../../../../student/Desktop/SevenDaysToFry -A&W/Content/Sounds/198921__richardculver__eerieambience23.uasset" 480
"../../../../../../student/Desktop/SevenDaysToFry -A&W/Content/Sounds/198922__richardculver__eerieambience22.uasset" 481
"../../../../../../student/Desktop/SevenDaysToFry -A&W/Content/Sounds/396458__patricklieberkind__futuristic-rhythmic-game-ambience.uasset" 482
"../../../../../../student/Desktop/SevenDaysToFry -A&W/Content/Sounds/gun5sound.uasset" 483
"../../../../../../student/Desktop/SevenDaysToFry -A&W/Content/Sounds/IngredientSlap.uasset" 484
"../../../../../../student/Desktop/SevenDaysToFry -A&W/Content/Sounds/ZombieDeath.uasset" 485
"../../../../../../student/Desktop/SevenDaysToFry -A&W/Content/StarterContent/Materials/M_Basic_Floor.uasset" 486
"../../../../../../student/Desktop/SevenDaysToFry -A&W/Content/StarterContent/Architecture/Floor_400x400.uasset" 487
"../../../../../../student/Desktop/SevenDaysToFry -A&W/Content/StarterContent/Architecture/Pillar_50x500.uasset" 488
"../../../../../../student/Desktop/SevenDaysToFry -A&W/Content/StarterContent/Materials/M_AssetPlatform.uasset" 489
"../../../../../../student/Desktop/SevenDaysToFry -A&W/Content/StarterContent/Architecture/SM_AssetPlatform.uasset" 490
"../../../../../../student/Desktop/SevenDaysToFry -A&W/Content/StarterContent/Architecture/Wall_400x200.uasset" 491
"../../../../../../student/Desktop/SevenDaysToFry -A&W/Content/StarterContent/Architecture/Wall_400x300.uasset" 492
"../../../../../../student/Desktop/SevenDaysToFry -A&W/Content/StarterContent/Architecture/Wall_400x400.uasset" 493
"../../../../../../student/Desktop/SevenDaysToFry -A&W/Content/StarterContent/Architecture/Wall_500x500.uasset" 494
"../../../../../../student/Desktop/SevenDaysToFry -A&W/Content/StarterContent/Architecture/Wall_Door_400x300.uasset" 495
"../../../../../../student/Desktop/SevenDaysToFry -A&W/Content/StarterContent/Architecture/Wall_Door_400x400.uasset" 496
"../../../../../../student/Desktop/SevenDaysToFry -A&W/Content/StarterContent/Architecture/Wall_Window_400x300.uasset" 497
"../../../../../../student/Desktop/SevenDaysToFry -A&W/Content/StarterContent/Architecture/Wall_Window_400x400.uasset" 498
"../../../../../../student/Desktop/SevenDaysToFry -A&W/Content/StarterContent/Audio/Collapse01.uasset" 499
"../../../../../../student/Desktop/SevenDaysToFry -A&W/Content/StarterContent/Audio/Collapse02.uasset" 500
"../../../../../../student/Desktop/SevenDaysToFry -A&W/Content/StarterContent/Audio/Collapse_Cue.uasset" 501
"../../../../../../student/Desktop/SevenDaysToFry -A&W/Content/StarterContent/Audio/Explosion01.uasset" 502
"../../../../../../student/Desktop/SevenDaysToFry -A&W/Content/StarterContent/Audio/Explosion02.uasset" 503
"../../../../../../student/Desktop/SevenDaysToFry -A&W/Content/StarterContent/Audio/Fire01.uasset" 504
"../../../../../../student/Desktop/SevenDaysToFry -A&W/Content/StarterContent/Audio/Fire_Sparks01.uasset" 505
"../../../../../../student/Desktop/SevenDaysToFry -A&W/Content/StarterContent/Audio/Light01.uasset" 506
"../../../../../../student/Desktop/SevenDaysToFry -A&W/Content/StarterContent/Audio/Light01_Cue.uasset" 507
"../../../../../../student/Desktop/SevenDaysToFry -A&W/Content/StarterContent/Audio/Light02.uasset" 508
"../../../../../../student/Desktop/SevenDaysToFry -A&W/Content/StarterContent/Audio/Light02_Cue.uasset" 509
"../../../../../../student/Desktop/SevenDaysToFry -A&W/Content/StarterContent/Audio/Smoke01.uasset" 510
"../../../../../../student/Desktop/SevenDaysToFry -A&W/Content/StarterContent/Audio/Starter_Background_Cue.uasset" 511
"../../../../../../student/Desktop/SevenDaysToFry -A&W/Content/StarterContent/Audio/Starter_Birds01.uasset" 512
"../../../../../../student/Desktop/SevenDaysToFry -A&W/Content/StarterContent/Audio/Starter_Music01.uasset" 513
"../../../../../../student/Desktop/SevenDaysToFry -A&W/Content/StarterContent/Audio/Starter_Music_Cue.uasset" 514
"../../../../../../student/Desktop/SevenDaysToFry -A&W/Content/StarterContent/Audio/Starter_Wind05.uasset" 515
"../../../../../../student/Desktop/SevenDaysToFry -A&W/Content/StarterContent/Audio/Starter_Wind06.uasset" 516
"../../../../../../student/Desktop/SevenDaysToFry -A&W/Content/StarterContent/Audio/Steam01.uasset" 517
"../../../../../../student/Desktop/SevenDaysToFry -A&W/Content/StarterContent/Textures/T_Lamp_M.uasset" 518
"../../../../../../student/Desktop/SevenDaysToFry -A&W/Content/StarterContent/Textures/T_Lamp_N.uasset" 519
"../../../../../../student/Desktop/SevenDaysToFry -A&W/Content/StarterContent/Props/Materials/M_Lamp.uasset" 520
"../../../../../../student/Desktop/SevenDaysToFry -A&W/Content/StarterContent/Props/SM_Lamp_Ceiling.uasset" 521
"../../../../../../student/Desktop/SevenDaysToFry -A&W/Content/StarterContent/Blueprints/Blueprint_CeilingLight.uasset" 522
"../../../../../../student/Desktop/SevenDaysToFry -A&W/Content/StarterContent/Audio/Explosion_Cue.uasset" 523
"../../../../../../student/Desktop/SevenDaysToFry -A&W/Content/StarterContent/Textures/T_Burst_M.uasset" 524
"../../../../../../student/Desktop/SevenDaysToFry -A&W/Content/StarterContent/Particles/Materials/M_Burst.uasset" 525
"../../../../../../student/Desktop/SevenDaysToFry -A&W/Content/StarterContent/Textures/T_Explosion_SubUV.uasset" 526
"../../../../../../student/Desktop/SevenDaysToFry -A&W/Content/StarterContent/Particles/Materials/M_explosion_subUV.uasset" 527
"../../../../../../student/Desktop/SevenDaysToFry -A&W/Content/StarterContent/Particles/Materials/m_flare_01.uasset" 528
"../../../../../../student/Desktop/SevenDaysToFry -A&W/Content/StarterContent/Particles/Materials/M_radial_ramp.uasset" 529
"../../../../../../student/Desktop/SevenDaysToFry -A&W/Content/StarterContent/Textures/T_Smoke_SubUV.uasset" 530
"../../../../../../student/Desktop/SevenDaysToFry -A&W/Content/StarterContent/Textures/T_Smoke_Tiled_D.uasset" 531
"../../../../../../student/Desktop/SevenDaysToFry -A&W/Content/StarterContent/Particles/Materials/M_smoke_subUV.uasset" 532
"../../../../../../student/Desktop/SevenDaysToFry -A&W/Content/StarterContent/Particles/P_Explosion.uasset" 533
"../../../../../../student/Desktop/SevenDaysToFry -A&W/Content/StarterContent/Blueprints/Blueprint_Effect_Explosion.uasset" 534
"../../../../../../student/Desktop/SevenDaysToFry -A&W/Content/StarterContent/Audio/Fire01_Cue.uasset" 535
"../../../../../../student/Desktop/SevenDaysToFry -A&W/Content/StarterContent/Textures/T_Fire_SubUV.uasset" 536
"../../../../../../student/Desktop/SevenDaysToFry -A&W/Content/StarterContent/Textures/T_Fire_Tiled_D.uasset" 537
"../../../../../../student/Desktop/SevenDaysToFry -A&W/Content/StarterContent/Particles/Materials/M_Fire_SubUV.uasset" 538
"../../../../../../student/Desktop/SevenDaysToFry -A&W/Content/StarterContent/Textures/T_Water_N.uasset" 539
"../../../../../../student/Desktop/SevenDaysToFry -A&W/Content/StarterContent/Particles/Materials/M_Heat_Distortion.uasset" 540
"../../../../../../student/Desktop/SevenDaysToFry -A&W/Content/StarterContent/Particles/Materials/M_Radial_Gradient.uasset" 541
"../../../../../../student/Desktop/SevenDaysToFry -A&W/Content/StarterContent/Particles/P_Fire.uasset" 542
"../../../../../../student/Desktop/SevenDaysToFry -A&W/Content/StarterContent/Blueprints/Blueprint_Effect_Fire.uasset" 543
"../../../../../../student/Desktop/SevenDaysToFry -A&W/Content/StarterContent/Audio/Smoke01_Cue.uasset" 544
"../../../../../../student/Desktop/SevenDaysToFry -A&W/Content/StarterContent/Particles/P_Smoke.uasset" 545
"../../../../../../student/Desktop/SevenDaysToFry -A&W/Content/StarterContent/Blueprints/Blueprint_Effect_Smoke.uasset" 546
"../../../../../../student/Desktop/SevenDaysToFry -A&W/Content/StarterContent/Audio/Fire_Sparks01_Cue.uasset" 547
"../../../../../../student/Desktop/SevenDaysToFry -A&W/Content/StarterContent/Textures/T_Spark_Core.uasset" 548
"../../../../../../student/Desktop/SevenDaysToFry -A&W/Content/StarterContent/Particles/Materials/M_Spark.uasset" 549
"../../../../../../student/Desktop/SevenDaysToFry -A&W/Content/StarterContent/Particles/P_Sparks.uasset" 550
"../../../../../../student/Desktop/SevenDaysToFry -A&W/Content/StarterContent/Blueprints/Blueprint_Effect_Sparks.uasset" 551
"../../../../../../student/Desktop/SevenDaysToFry -A&W/Content/StarterContent/Audio/Steam01_Cue.uasset" 552
"../../../../../../student/Desktop/SevenDaysToFry -A&W/Content/StarterContent/Particles/P_Steam_Lit.uasset" 553
"../../../../../../student/Desktop/SevenDaysToFry -A&W/Content/StarterContent/Blueprints/Blueprint_Effect_Steam.uasset" 554
"../../../../../../student/Desktop/SevenDaysToFry -A&W/Content/StarterContent/Props/SM_Lamp_Wall.uasset" 555
"../../../../../../student/Desktop/SevenDaysToFry -A&W/Content/StarterContent/Blueprints/Blueprint_WallSconce.uasset" 556
"../../../../../../student/Desktop/SevenDaysToFry -A&W/Content/StarterContent/Blueprints/Assets/FogBrightnessLUT.uasset" 557
"../../../../../../student/Desktop/SevenDaysToFry -A&W/Content/StarterContent/Blueprints/Assets/SunlightColorLUT.uasset" 558
"../../../../../../student/Desktop/SevenDaysToFry -A&W/Content/StarterContent/Blueprints/Assets/M_LightStage_Arrows.uasset" 559
"../../../Engine/Content/MapTemplates/Sky/DaylightAmbientCubemap.uasset" 560
"../../../../../../student/Desktop/SevenDaysToFry -A&W/Content/StarterContent/Blueprints/Assets/M_LightStage_Skybox_Master.uasset" 561
"../../../../../../student/Desktop/SevenDaysToFry -A&W/Content/StarterContent/Blueprints/Assets/M_LightStage_Skybox_Black.uasset" 562
"../../../../../../student/Desktop/SevenDaysToFry -A&W/Content/StarterContent/Blueprints/Assets/M_LightStage_Skybox_HDRI.uasset" 563
"../../../Engine/Content/EditorMaterials/Thumbnails/SkySphereMaterial.uasset" 564
"../../../../../../student/Desktop/SevenDaysToFry -A&W/Content/StarterContent/Blueprints/Assets/Skybox.uasset" 565
"../../../../../../student/Desktop/SevenDaysToFry -A&W/Content/StarterContent/Blueprints/Assets/SM_Arrows.uasset" 566
"../../../../../../student/Desktop/SevenDaysToFry -A&W/Content/StarterContent/HDRI/HDRI_Epic_Courtyard_Daylight.uasset" 567
"../../../../../../student/Desktop/SevenDaysToFry -A&W/Content/StarterContent/Blueprints/BP_LightStudio.uasset" 568
"../../../../../../student/Desktop/SevenDaysToFry -A&W/Content/StarterContent/Textures/T_Brick_Clay_Beveled_D.uasset" 569
"../../../../../../student/Desktop/SevenDaysToFry -A&W/Content/StarterContent/Textures/T_Brick_Clay_Beveled_M.uasset" 570
"../../../../../../student/Desktop/SevenDaysToFry -A&W/Content/StarterContent/Textures/T_Brick_Clay_Beveled_N.uasset" 571
"../../../../../../student/Desktop/SevenDaysToFry -A&W/Content/StarterContent/Materials/M_Brick_Clay_Beveled.uasset" 572
"../../../../../../student/Desktop/SevenDaysToFry -A&W/Content/StarterContent/Textures/T_Brick_Clay_New_D.uasset" 573
"../../../../../../student/Desktop/SevenDaysToFry -A&W/Content/StarterContent/Textures/T_Brick_Clay_New_M.uasset" 574
"../../../../../../student/Desktop/SevenDaysToFry -A&W/Content/StarterContent/Textures/T_Brick_Clay_New_N.uasset" 575
"../../../../../../student/Desktop/SevenDaysToFry -A&W/Content/StarterContent/Textures/T_Detail_Rocky_N.uasset" 576
"../../../../../../student/Desktop/SevenDaysToFry -A&W/Content/StarterContent/Materials/M_Brick_Clay_New.uasset" 577
"../../../../../../student/Desktop/SevenDaysToFry -A&W/Content/StarterContent/Textures/T_Brick_Clay_Old_D.uasset" 578
"../../../../../../student/Desktop/SevenDaysToFry -A&W/Content/StarterContent/Textures/T_Brick_Clay_Old_N.uasset" 579
"../../../../../../student/Desktop/SevenDaysToFry -A&W/Content/StarterContent/Materials/M_Brick_Clay_Old.uasset" 580
"../../../../../../student/Desktop/SevenDaysToFry -A&W/Content/StarterContent/Textures/T_Brick_Cut_Stone_D.uasset" 581
"../../../../../../student/Desktop/SevenDaysToFry -A&W/Content/StarterContent/Textures/T_Brick_Cut_Stone_N.uasset" 582
"../../../../../../student/Desktop/SevenDaysToFry -A&W/Content/StarterContent/Materials/M_Brick_Cut_Stone.uasset" 583
"../../../../../../student/Desktop/SevenDaysToFry -A&W/Content/StarterContent/Textures/T_Brick_Hewn_Stone_D.uasset" 584
"../../../../../../student/Desktop/SevenDaysToFry -A&W/Content/StarterContent/Textures/T_Brick_Hewn_Stone_M.uasset" 585
"../../../../../../student/Desktop/SevenDaysToFry -A&W/Content/StarterContent/Textures/T_Brick_Hewn_Stone_N.uasset" 586
"../../../../../../student/Desktop/SevenDaysToFry -A&W/Content/StarterContent/Materials/M_Brick_Hewn_Stone.uasset" 587
"../../../../../../student/Desktop/SevenDaysToFry -A&W/Content/StarterContent/Textures/T_Ceramic_Tile_M.uasset" 588
"../../../../../../student/Desktop/SevenDaysToFry -A&W/Content/StarterContent/Textures/T_Ceramic_Tile_N.uasset" 589
"../../../../../../student/Desktop/SevenDaysToFry -A&W/Content/StarterContent/Textures/T_Rock_Marble_Polished_D.uasset" 590
"../../../../../../student/Desktop/SevenDaysToFry -A&W/Content/StarterContent/Materials/M_Ceramic_Tile_Checker.uasset" 591
"../../../../../../student/Desktop/SevenDaysToFry -A&W/Content/StarterContent/Textures/T_CobbleStone_Pebble_D.uasset" 592
"../../../../../../student/Desktop/SevenDaysToFry -A&W/Content/StarterContent/Textures/T_CobbleStone_Pebble_M.uasset" 593
"../../../../../../student/Desktop/SevenDaysToFry -A&W/Content/StarterContent/Textures/T_CobbleStone_Pebble_N.uasset" 594
"../../../../../../student/Desktop/SevenDaysToFry -A&W/Content/StarterContent/Materials/M_CobbleStone_Pebble.uasset" 595
"../../../../../../student/Desktop/SevenDaysToFry -A&W/Content/StarterContent/Textures/T_CobbleStone_Rough_D.uasset" 596
"../../../../../../student/Desktop/SevenDaysToFry -A&W/Content/StarterContent/Textures/T_CobbleStone_Rough_N.uasset" 597
"../../../../../../student/Desktop/SevenDaysToFry -A&W/Content/StarterContent/Textures/T_Gradinet_01.uasset" 598
"../../../../../../student/Desktop/SevenDaysToFry -A&W/Content/StarterContent/Textures/T_Rock_Smooth_Granite_D.uasset" 599
"../../../../../../student/Desktop/SevenDaysToFry -A&W/Content/StarterContent/Materials/M_CobbleStone_Rough.uasset" 600
"../../../../../../student/Desktop/SevenDaysToFry -A&W/Content/StarterContent/Textures/T_CobbleStone_Smooth_D.uasset" 601
"../../../../../../student/Desktop/SevenDaysToFry -A&W/Content/StarterContent/Textures/T_CobbleStone_Smooth_M.uasset" 602
"../../../../../../student/Desktop/SevenDaysToFry -A&W/Content/StarterContent/Textures/T_CobbleStone_Smooth_N.uasset" 603
"../../../../../../student/Desktop/SevenDaysToFry -A&W/Content/StarterContent/Materials/M_CobbleStone_Smooth.uasset" 604
"../../../Engine/Content/EditorMeshes/ColorCalibrator/T_ColorGrid.uasset" 605
"../../../../../../student/Desktop/SevenDaysToFry -A&W/Content/StarterContent/Materials/M_ColorGrid_LowSpec.uasset" 606
"../../../../../../student/Desktop/SevenDaysToFry -A&W/Content/StarterContent/Textures/T_Concrete_Grime_D.uasset" 607
"../../../../../../student/Desktop/SevenDaysToFry -A&W/Content/StarterContent/Textures/T_Metal_Rust_N.uasset" 608
"../../../../../../student/Desktop/SevenDaysToFry -A&W/Content/StarterContent/Materials/M_Concrete_Grime.uasset" 609
"../../../../../../student/Desktop/SevenDaysToFry -A&W/Content/StarterContent/Textures/T_Concrete_Panels_D.uasset" 610
"../../../../../../student/Desktop/SevenDaysToFry -A&W/Content/StarterContent/Textures/T_Concrete_Panels_N.uasset" 611
"../../../../../../student/Desktop/SevenDaysToFry -A&W/Content/StarterContent/Materials/M_Concrete_Panels.uasset" 612
"../../../../../../student/Desktop/SevenDaysToFry -A&W/Content/StarterContent/Textures/T_Concrete_Poured_D.uasset" 613
"../../../../../../student/Desktop/SevenDaysToFry -A&W/Content/StarterContent/Textures/T_Concrete_Poured_N.uasset" 614
"../../../../../../student/Desktop/SevenDaysToFry -A&W/Content/StarterContent/Materials/M_Concrete_Poured.uasset" 615
"../../../../../../student/Desktop/SevenDaysToFry -A&W/Content/StarterContent/Textures/T_Concrete_Tiles_D.uasset" 616
"../../../../../../student/Desktop/SevenDaysToFry -A&W/Content/StarterContent/Textures/T_Concrete_Tiles_M.uasset" 617
"../../../../../../student/Desktop/SevenDaysToFry -A&W/Content/StarterContent/Textures/T_Concrete_Tiles_N.uasset" 618
"../../../../../../student/Desktop/SevenDaysToFry -A&W/Content/StarterContent/Textures/T_Concrete_Tiles_Variation_M.uasset" 619
"../../../../../../student/Desktop/SevenDaysToFry -A&W/Content/StarterContent/Materials/M_Concrete_Tiles.uasset" 620
"../../../../../../student/Desktop/SevenDaysToFry -A&W/Content/StarterContent/Textures/T_Ground_Grass_D.uasset" 621
"../../../../../../student/Desktop/SevenDaysToFry -A&W/Content/StarterContent/Textures/T_Ground_Grass_N.uasset" 622
"../../../../../../student/Desktop/SevenDaysToFry -A&W/Content/StarterContent/Materials/M_Ground_Grass.uasset" 623
"../../../../../../student/Desktop/SevenDaysToFry -A&W/Content/StarterContent/Textures/T_Ground_Gravel_D.uasset" 624
"../../../../../../student/Desktop/SevenDaysToFry -A&W/Content/StarterContent/Textures/T_Ground_Gravel_N.uasset" 625
"../../../../../../student/Desktop/SevenDaysToFry -A&W/Content/StarterContent/Materials/M_Ground_Gravel.uasset" 626
"../../../../../../student/Desktop/SevenDaysToFry -A&W/Content/StarterContent/Materials/M_Metal_Brushed_Nickel.uasset" 627
"../../../../../../student/Desktop/SevenDaysToFry -A&W/Content/StarterContent/Textures/T_Metal_Aluminum_D.uasset" 628
"../../../../../../student/Desktop/SevenDaysToFry -A&W/Content/StarterContent/Materials/M_Metal_Burnished_Steel.uasset" 629
"../../../../../../student/Desktop/SevenDaysToFry -A&W/Content/StarterContent/Materials/M_Metal_Chrome.uasset" 630
"../../../../../../student/Desktop/SevenDaysToFry -A&W/Content/StarterContent/Textures/T_Metal_Rust_D.uasset" 631
"../../../../../../student/Desktop/SevenDaysToFry -A&W/Content/StarterContent/Materials/M_Metal_Rust.uasset" 632
"../../../../../../student/Desktop/SevenDaysToFry -A&W/Content/StarterContent/Textures/T_Rock_Basalt_D.uasset" 633
"../../../../../../student/Desktop/SevenDaysToFry -A&W/Content/StarterContent/Textures/T_Rock_Basalt_N.uasset" 634
"../../../../../../student/Desktop/SevenDaysToFry -A&W/Content/StarterContent/Materials/M_Rock_Basalt.uasset" 635
"../../../../../../student/Desktop/SevenDaysToFry -A&W/Content/StarterContent/Materials/M_Rock_Marble_Polished.uasset" 636
"../../../../../../student/Desktop/SevenDaysToFry -A&W/Content/StarterContent/Textures/T_Rock_Sandstone_D.uasset" 637
"../../../../../../student/Desktop/SevenDaysToFry -A&W/Content/StarterContent/Textures/T_Rock_Sandstone_N.uasset" 638
"../../../../../../student/Desktop/SevenDaysToFry -A&W/Content/StarterContent/Materials/M_Rock_Sandstone.uasset" 639
"../../../../../../student/Desktop/SevenDaysToFry -A&W/Content/StarterContent/Textures/T_Rock_Slate_D.uasset" 640
"../../../../../../student/Desktop/SevenDaysToFry -A&W/Content/StarterContent/Textures/T_Rock_Slate_N.uasset" 641
"../../../../../../student/Desktop/SevenDaysToFry -A&W/Content/StarterContent/Materials/M_Rock_Slate.uasset" 642
"../../../../../../student/Desktop/SevenDaysToFry -A&W/Content/StarterContent/Textures/T_Checker_Noise_M.uasset" 643
"../../../../../../student/Desktop/SevenDaysToFry -A&W/Content/StarterContent/Textures/T_Single_Tile_N.uasset" 644
"../../../../../../student/Desktop/SevenDaysToFry -A&W/Content/StarterContent/Textures/T_Tech_Dot_M.uasset" 645
"../../../../../../student/Desktop/SevenDaysToFry -A&W/Content/StarterContent/Textures/T_Tech_Dot_N.uasset" 646
"../../../../../../student/Desktop/SevenDaysToFry -A&W/Content/StarterContent/Materials/M_Tech_Checker_Dot.uasset" 647
"../../../../../../student/Desktop/SevenDaysToFry -A&W/Content/StarterContent/Materials/M_Tech_Hex_Tile_Pulse.uasset" 648
"../../../../../../student/Desktop/SevenDaysToFry -A&W/Content/StarterContent/Textures/T_Tech_Panel_M.uasset" 649
"../../../../../../student/Desktop/SevenDaysToFry -A&W/Content/StarterContent/Textures/T_Tech_Panel_N.uasset" 650
"../../../../../../student/Desktop/SevenDaysToFry -A&W/Content/StarterContent/Materials/M_Tech_Panel.uasset" 651
"../../../../../../student/Desktop/SevenDaysToFry -A&W/Content/StarterContent/Materials/M_Water_Lake.uasset" 652
"../../../../../../student/Desktop/SevenDaysToFry -A&W/Content/StarterContent/Textures/T_Water_M.uasset" 653
"../../../../../../student/Desktop/SevenDaysToFry -A&W/Content/StarterContent/Materials/M_Water_Ocean.uasset" 654
"../../../../../../student/Desktop/SevenDaysToFry -A&W/Content/StarterContent/Textures/T_Wood_Floor_Walnut_D.uasset" 655
"../../../../../../student/Desktop/SevenDaysToFry -A&W/Content/StarterContent/Textures/T_Wood_Floor_Walnut_M.uasset" 656
"../../../../../../student/Desktop/SevenDaysToFry -A&W/Content/StarterContent/Textures/T_Wood_Floor_Walnut_N.uasset" 657
"../../../../../../student/Desktop/SevenDaysToFry -A&W/Content/StarterContent/Materials/M_Wood_Floor_Walnut_Polished.uasset" 658
"../../../Engine/Content/Functions/Engine_MaterialFunctions01/Opacity/AlphaOffset.uasset" 659
"../../../../../../student/Desktop/SevenDaysToFry -A&W/Content/StarterContent/Materials/M_Wood_Floor_Walnut_Worn.uasset" 660
"../../../../../../student/Desktop/SevenDaysToFry -A&W/Content/StarterContent/Textures/T_Wood_Walnut_D.uasset" 661
"../../../../../../student/Desktop/SevenDaysToFry -A&W/Content/StarterContent/Textures/T_Wood_Walnut_N.uasset" 662
"../../../../../../student/Desktop/SevenDaysToFry -A&W/Content/StarterContent/Materials/M_Wood_Walnut.uasset" 663
"../../../../../../student/Desktop/SevenDaysToFry -A&W/Content/StarterContent/Textures/T_Dust_Particle_D.uasset" 664
"../../../../../../student/Desktop/SevenDaysToFry -A&W/Content/StarterContent/Particles/Materials/M_Dust_Particle.uasset" 665
"../../../../../../student/Desktop/SevenDaysToFry -A&W/Content/StarterContent/Particles/P_Ambient_Dust.uasset" 666
"../../../../../../student/Desktop/SevenDaysToFry -A&W/Content/StarterContent/Props/MaterialSphere.uasset" 667
"../../../../../../student/Desktop/SevenDaysToFry -A&W/Content/StarterContent/Textures/T_Bush_D.uasset" 668
"../../../../../../student/Desktop/SevenDaysToFry -A&W/Content/StarterContent/Textures/T_Bush_N.uasset" 669
"../../../../../../student/Desktop/SevenDaysToFry -A&W/Content/StarterContent/Props/Materials/M_Bush.uasset" 670
"../../../../../../student/Desktop/SevenDaysToFry -A&W/Content/StarterContent/Props/SM_Bush.uasset" 671
"../../../../../../student/Desktop/SevenDaysToFry -A&W/Content/StarterContent/Textures/T_Chair_M.uasset" 672
"../../../../../../student/Desktop/SevenDaysToFry -A&W/Content/StarterContent/Textures/T_Chair_N.uasset" 673
"../../../../../../student/Desktop/SevenDaysToFry -A&W/Content/StarterContent/Props/Materials/M_Chair.uasset" 674
"../../../../../../student/Desktop/SevenDaysToFry -A&W/Content/StarterContent/Props/SM_Chair.uasset" 675
"../../../../../../student/Desktop/SevenDaysToFry -A&W/Content/StarterContent/Props/SM_CornerFrame.uasset" 676
"../../../../../../student/Desktop/SevenDaysToFry -A&W/Content/StarterContent/Props/SM_Couch.uasset" 677
"../../../../../../student/Desktop/SevenDaysToFry -A&W/Content/StarterContent/Props/SM_GlassWindow.uasset" 678
"../../../../../../student/Desktop/SevenDaysToFry -A&W/Content/StarterContent/Props/Materials/M_MaterialSphere.uasset" 679
"../../../../../../student/Desktop/SevenDaysToFry -A&W/Content/StarterContent/Props/Materials/M_MaterialSphere_Plain.uasset" 680
"../../../../../../student/Desktop/SevenDaysToFry -A&W/Content/StarterContent/Props/SM_MatPreviewMesh_02.uasset" 681
"../../../../../../student/Desktop/SevenDaysToFry -A&W/Content/StarterContent/Props/SM_PillarFrame.uasset" 682
"../../../../../../student/Desktop/SevenDaysToFry -A&W/Content/StarterContent/Props/SM_PillarFrame300.uasset" 683
"../../../../../../student/Desktop/SevenDaysToFry -A&W/Content/StarterContent/Textures/T_RockMesh_M.uasset" 684
"../../../../../../student/Desktop/SevenDaysToFry -A&W/Content/StarterContent/Textures/T_RockMesh_N.uasset" 685
"../../../../../../student/Desktop/SevenDaysToFry -A&W/Content/StarterContent/Props/Materials/M_Rock.uasset" 686
"../../../../../../student/Desktop/SevenDaysToFry -A&W/Content/StarterContent/Props/SM_Rock.uasset" 687
"../../../../../../student/Desktop/SevenDaysToFry -A&W/Content/StarterContent/Props/SM_Shelf.uasset" 688
"../../../../../../student/Desktop/SevenDaysToFry -A&W/Content/StarterContent/Props/SM_Stairs.uasset" 689
"../../../../../../student/Desktop/SevenDaysToFry -A&W/Content/StarterContent/Textures/T_Statue_M.uasset" 690
"../../../../../../student/Desktop/SevenDaysToFry -A&W/Content/StarterContent/Textures/T_Statue_N.uasset" 691
"../../../../../../student/Desktop/SevenDaysToFry -A&W/Content/StarterContent/Props/Materials/M_Statue.uasset" 692
"../../../../../../student/Desktop/SevenDaysToFry -A&W/Content/StarterContent/Props/Materials/M_StatueGlass.uasset" 693
"../../../../../../student/Desktop/SevenDaysToFry -A&W/Content/StarterContent/Props/SM_Statue.uasset" 694
"../../../../../../student/Desktop/SevenDaysToFry -A&W/Content/StarterContent/Textures/T_TableRound_M.uasset" 695
"../../../../../../student/Desktop/SevenDaysToFry -A&W/Content/StarterContent/Textures/T_TableRound_N.uasset" 696
"../../../../../../student/Desktop/SevenDaysToFry -A&W/Content/StarterContent/Props/Materials/M_TableRound.uasset" 697
"../../../../../../student/Desktop/SevenDaysToFry -A&W/Content/StarterContent/Props/SM_TableRound.uasset" 698
"../../../../../../student/Desktop/SevenDaysToFry -A&W/Content/StarterContent/Props/SM_WindowFrame.uasset" 699
"../../../../../../student/Desktop/SevenDaysToFry -A&W/Content/StarterContent/Shapes/Shape_Cone.uasset" 700
"../../../../../../student/Desktop/SevenDaysToFry -A&W/Content/StarterContent/Shapes/Shape_Cylinder.uasset" 701
"../../../../../../student/Desktop/SevenDaysToFry -A&W/Content/StarterContent/Shapes/Shape_NarrowCapsule.uasset" 702
"../../../../../../student/Desktop/SevenDaysToFry -A&W/Content/StarterContent/Shapes/Shape_Pipe.uasset" 703
"../../../../../../student/Desktop/SevenDaysToFry -A&W/Content/StarterContent/Shapes/Shape_Pipe_180.uasset" 704
"../../../../../../student/Desktop/SevenDaysToFry -A&W/Content/StarterContent/Shapes/Shape_Pipe_90.uasset" 705
"../../../../../../student/Desktop/SevenDaysToFry -A&W/Content/StarterContent/Shapes/Shape_Plane.uasset" 706
"../../../../../../student/Desktop/SevenDaysToFry -A&W/Content/StarterContent/Shapes/Shape_QuadPyramid.uasset" 707
"../../../../../../student/Desktop/SevenDaysToFry -A&W/Content/StarterContent/Shapes/Shape_Torus.uasset" 708
"../../../../../../student/Desktop/SevenDaysToFry -A&W/Content/StarterContent/Shapes/Shape_Trim.uasset" 709
"../../../../../../student/Desktop/SevenDaysToFry -A&W/Content/StarterContent/Shapes/Shape_Trim_90_In.uasset" 710
"../../../../../../student/Desktop/SevenDaysToFry -A&W/Content/StarterContent/Shapes/Shape_Trim_90_Out.uasset" 711
"../../../../../../student/Desktop/SevenDaysToFry -A&W/Content/StarterContent/Shapes/Shape_TriPyramid.uasset" 712
"../../../../../../student/Desktop/SevenDaysToFry -A&W/Content/StarterContent/Shapes/Shape_Tube.uasset" 713
"../../../../../../student/Desktop/SevenDaysToFry -A&W/Content/StarterContent/Shapes/Shape_Wedge_A.uasset" 714
"../../../../../../student/Desktop/SevenDaysToFry -A&W/Content/StarterContent/Shapes/Shape_Wedge_B.uasset" 715
"../../../../../../student/Desktop/SevenDaysToFry -A&W/Content/StarterContent/Shapes/Shape_WideCapsule.uasset" 716
"../../../Engine/Content/ArtTools/RenderToTexture/Meshes/S_1_Unit_Plane.uasset" 717
"../../../Engine/Content/EngineMaterials/DefaultMaterial.uasset" 718
"../../../Engine/Content/BasicShapes/Cone.uasset" 719
"../../../Engine/Content/BasicShapes/Cylinder.uasset" 720
"../../../Engine/Content/BasicShapes/Plane.uasset" 721
"../../../Engine/Content/BasicShapes/Sphere.uasset" 722
"../../../Engine/Content/EditorLandscapeResources/DataLayer.uasset" 723
"../../../Engine/Content/EditorMaterials/GizmoMaterial.uasset" 724
"../../../Engine/Content/EditorMaterials/MAT_Groups_Toggle.uasset" 725
"../../../Engine/Content/EditorMaterials/MAT_Groups_Visibility.uasset" 726
"../../../Engine/Content/EditorMaterials/PreviewShadowIndicator.uasset" 727
"../../../Engine/Content/EditorMaterials/PreviewShadowIndicatorMaterial.uasset" 728
"../../../Engine/Content/EditorMaterials/MatineeGroups/MAT_ColorTrack.uasset" 729
"../../../Engine/Content/EditorMaterials/MatineeGroups/MAT_Groups_Anim.uasset" 730
"../../../Engine/Content/EditorMaterials/MatineeGroups/MAT_Groups_AudioMaster.uasset" 731
"../../../Engine/Content/EditorMaterials/MatineeGroups/MAT_Groups_Director.uasset" 732
"../../../Engine/Content/EditorMaterials/MatineeGroups/MAT_Groups_Event.uasset" 733
"../../../Engine/Content/EditorMaterials/MatineeGroups/MAT_Groups_Fade.uasset" 734
"../../../Engine/Content/EditorMaterials/MatineeGroups/MAT_Groups_Float.uasset" 735
"../../../Engine/Content/EditorMaterials/MatineeGroups/MAT_Groups_Move.uasset" 736
"../../../Engine/Content/EditorMaterials/MatineeGroups/MAT_Groups_Slomo.uasset" 737
"../../../Engine/Content/EditorMaterials/MatineeGroups/MAT_Groups_Sound.uasset" 738
"../../../Engine/Content/EditorMaterials/MatineeGroups/MAT_Groups_Vector.uasset" 739
"../../../Engine/Content/EditorMaterials/ParticleSystems/PSysThumbnail_NoImage.uasset" 740
"../../../Engine/Content/EditorMaterials/ParticleSystems/PSysThumbnail_OOD.uasset" 741
"../../../Engine/Content/EditorMaterials/Camera/CineMat.uasset" 742
"../../../Engine/Content/EditorMaterials/Camera/MI_CineMat_Rig.uasset" 743
"../../../Engine/Content/EditorMeshes/Camera/SM_CraneRig_Arm.uasset" 744
"../../../Engine/Content/EditorMeshes/Camera/SM_CraneRig_Base.uasset" 745
"../../../Engine/Content/EditorMeshes/Camera/SM_CraneRig_Body.uasset" 746
"../../../Engine/Content/EditorMeshes/Camera/SM_CraneRig_Mount.uasset" 747
"../../../Engine/Content/EditorMeshes/Camera/SM_RailRig_Mount.uasset" 748
"../../../Engine/Content/EditorMeshes/Camera/SM_RailRig_Track.uasset" 749
"../../../Engine/Content/EditorResources/BSPVertex.uasset" 750
"../../../Engine/Content/EditorResources/EmptyActor.uasset" 751
"../../../Engine/Content/EditorResources/S_Actor.uasset" 752
"../../../Engine/Content/EditorResources/S_Trigger.uasset" 753
"../../../Engine/Content/EditorResources/SequenceRecorder/Countdown.uasset" 754
"../../../Engine/Content/EditorResources/SequenceRecorder/RecordingIndicator.uasset" 755
"../../../Engine/Content/EditorSounds/Notifications/CompileFailed.uasset" 756
"../../../Engine/Content/EditorSounds/Notifications/CompileFailed_Cue.uasset" 757
"../../../Engine/Content/EditorSounds/Notifications/CompileSuccess.uasset" 758
"../../../Engine/Content/EditorSounds/Notifications/CompileStart_Cue.uasset" 759
"../../../Engine/Content/EditorSounds/Notifications/CompileSuccess_Cue.uasset" 760
"../../../Engine/Content/EngineDamageTypes/DmgTypeBP_Environmental.uasset" 761
"../../../Engine/Content/EngineDebugMaterials/HeatmapGradient.uasset" 762
"../../../Engine/Content/EngineDebugMaterials/BoneWeightMaterial.uasset" 763
"../../../Engine/Content/EngineDebugMaterials/ClothMaterial.uasset" 764
"../../../Engine/Content/EngineDebugMaterials/ClothMaterial_WF.uasset" 765
"../../../Engine/Content/EngineDebugMaterials/DebugEditorMaterial.uasset" 766
"../../../Engine/Content/EngineDebugMaterials/DebugMeshMaterial.uasset" 767
"../../../Engine/Content/EngineDebugMaterials/GeomMaterial.uasset" 768
"../../../Engine/Content/EngineDebugMaterials/M_SimpleTranslucent.uasset" 769
"../../../Engine/Content/EngineFonts/Faces/RobotoBold.uasset" 770
"../../../Engine/Content/EngineFonts/Faces/RobotoBoldItalic.uasset" 771
"../../../Engine/Content/EngineFonts/Faces/RobotoItalic.uasset" 772
"../../../Engine/Content/EngineFonts/Faces/RobotoLight.uasset" 773
"../../../Engine/Content/EngineFonts/Faces/RobotoRegular.uasset" 774
"../../../Engine/Content/EngineFonts/Roboto.uasset" 775
"../../../Engine/Content/EngineFonts/Faces/RobotoTiny.uasset" 776
"../../../Engine/Content/EngineFonts/RobotoTiny.uasset" 777
"../../../Engine/Content/EngineMaterials/BaseFlattenDiffuseMap.uasset" 778
"../../../Engine/Content/EngineMaterials/BaseFlattenEmissiveMap.uasset" 779
"../../../Engine/Content/EngineMaterials/BaseFlattenGrayscaleMap.uasset" 780
"../../../Engine/Content/EngineMaterials/BaseFlattenNormalMap.uasset" 781
"../../../Engine/Content/EngineMaterials/BaseFlattenMaterial.uasset" 782
"../../../Engine/Content/EngineMaterials/DefaultBloomKernel.uasset" 783
"../../../Engine/Content/EngineMaterials/DefaultBokeh.uasset" 784
"../../../Engine/Content/EngineMaterials/DefaultDiffuse.uasset" 785
"../../../Engine/Content/EngineMaterials/DefaultDeferredDecalMaterial.uasset" 786
"../../../Engine/Content/EngineMaterials/DefaultLightFunctionMaterial.uasset" 787
"../../../Engine/Content/EngineMaterials/DefaultPhysicalMaterial.uasset" 788
"../../../Engine/Content/Functions/Engine_MaterialFunctions02/Utility/BreakOutFloat2Components.uasset" 789
"../../../Engine/Content/EngineMaterials/DefaultPostProcessMaterial.uasset" 790
"../../../Engine/Content/EngineFonts/RobotoDistanceField.uasset" 791
"../../../Engine/Content/EngineMaterials/DefaultTextMaterialOpaque.uasset" 792
"../../../Engine/Content/EngineMaterials/DefaultWhiteGrid.uasset" 793
"../../../Engine/Content/EngineMaterials/EditorBrushMaterial.uasset" 794
"../../../Engine/Content/EngineMaterials/Good64x64TilingNoiseHighFreq.uasset" 795
"../../../Engine/Content/EngineMaterials/InvalidLightmapSettings.uasset" 796
"../../../Engine/Content/EngineMaterials/M_InvalidLightmapSettings.uasset" 797
"../../../Engine/Content/EngineMaterials/MiniFont.uasset" 798
"../../../Engine/Content/Functions/Engine_MaterialFunctions02/WorldPositionOffset/CameraOffset.uasset" 799
"../../../Engine/Content/EngineMaterials/PhAT_JointLimitMaterial.uasset" 800
"../../../Engine/Content/EngineMaterials/PreintegratedSkinBRDF.uasset" 801
"../../../Engine/Content/EngineMaterials/RemoveSurfaceMaterial.uasset" 802
"../../../Engine/Content/EngineMaterials/WeightMapPlaceholderTexture.uasset" 803
"../../../Engine/Content/EngineResources/WhiteSquareTexture.uasset" 804
"../../../Engine/Content/EngineMaterials/Widget3DPassThrough.uasset" 805
"../../../Engine/Content/EngineMaterials/Widget3DPassThrough_Masked.uasset" 806
"../../../Engine/Content/EngineMaterials/Widget3DPassThrough_Opaque.uasset" 807
"../../../Engine/Content/EngineMaterials/Widget3DPassThrough_Masked_OneSided.uasset" 808
"../../../Engine/Content/EngineMaterials/Widget3DPassThrough_Opaque_OneSided.uasset" 809
"../../../Engine/Content/EngineMaterials/Widget3DPassThrough_Translucent.uasset" 810
"../../../Engine/Content/EngineMaterials/Widget3DPassThrough_Translucent_OneSided.uasset" 811
"../../../Engine/Content/EngineMeshes/Cylinder.uasset" 812
"../../../Engine/Content/EngineMeshes/Sphere.uasset" 813
"../../../Engine/Content/EngineResources/Black.uasset" 814
"../../../Engine/Content/EngineResources/DefaultTexture.uasset" 815
"../../../Engine/Content/EngineResources/DefaultTextureCube.uasset" 816
"../../../Engine/Content/EngineResources/DefaultVolumeTexture2D.uasset" 817
"../../../Engine/Content/EngineResources/DefaultVolumeTexture.uasset" 818
"../../../Engine/Content/EngineResources/GradientTexture0.uasset" 819
"../../../Engine/Content/EngineSounds/Master.uasset" 820
"../../../Engine/Content/Functions/Engine_MaterialFunctions01/Shading/ConvertFromDiffSpec.uasset" 821
"../../../Engine/Content/Functions/Engine_MaterialFunctions01/Shading/PowerToRoughness.uasset" 822
"../../../Engine/Content/Maps/Templates/Thumbnails/Default.uasset" 823
"../../../Engine/Content/Maps/Templates/Thumbnails/VR-Basic.uasset" 824
"../../../Engine/Content/MobileResources/T_MobileControls_texture.uasset" 825
"../../../Engine/Content/MobileResources/T_MobileMenu2.uasset" 826
"../../../Engine/Content/MobileResources/HUD/AnalogHat.uasset" 827
"../../../Engine/Content/MobileResources/HUD/VirtualJoystick_Background.uasset" 828
"../../../Engine/Content/MobileResources/HUD/VirtualJoystick_Thumb.uasset" 829
"../../../Engine/Content/MobileResources/HUD/DefaultVirtualJoysticks.uasset" 830
"../../../Engine/Content/MobileResources/HUD/LeftVirtualJoystickOnly.uasset" 831
"../../../Engine/Content/MobileResources/HUD/MobileHUDButton1_off.uasset" 832
"../../../Engine/Content/MobileResources/HUD/MobileHUDButton1_on.uasset" 833
"../../../Engine/Content/MobileResources/HUD/MobileHUDButton2_off.uasset" 834
"../../../Engine/Content/MobileResources/HUD/MobileHUDButton2_on.uasset" 835
"../../../Engine/Content/MobileResources/HUD/MobileHUDButton3.uasset" 836
"../../../Engine/Content/MobileResources/HUD/MobileHUDButtonFire.uasset" 837
"../../../Engine/Content/MobileResources/HUD/MobileHUDDirectionPad.uasset" 838
"../../../Engine/Content/MobileResources/HUD/MobileHUDDirectionPad2.uasset" 839
"../../../Engine/Content/MobileResources/HUD/MobileHUDDirectionPad3.uasset" 840
"../../../Engine/Content/MobileResources/HUD/MobileHUDDirectionStick.uasset" 841
"../../../Engine/Content/MobileResources/HUD/T_Castle_ThumbstickInner.uasset" 842
"../../../Engine/Content/MobileResources/HUD/T_Castle_ThumbstickOutter.uasset" 843
"../../../Engine/Content/Tutorial/ContentIntroCurve.uasset" 844
"../../../Engine/Content/Tutorial/Basics/TutorialAssets/icon_tab_Levels_40x.uasset" 845
"../../../Engine/Content/VREditor/LaserPointer/VR_LaserPower_01.uasset" 846
"../../../Engine/Content/VREditor/TransformGizmo/TransformGizmoMaterial.uasset" 847
"../../../Engine/Content/VREditor/TransformGizmo/TranslucentTransformGizmoMaterial.uasset" 848
"../../../Engine/Content/VREditor/TransformGizmo/BoundingBoxCorner.uasset" 849
"../../../Engine/Content/VREditor/TransformGizmo/BoundingBoxEdge.uasset" 850
"../../../Engine/Content/VREditor/TransformGizmo/PlaneTranslationHandle.uasset" 851
"../../../Engine/Content/VREditor/TransformGizmo/Main.uasset" 852
"../../../Engine/Content/VREditor/TransformGizmo/Xray.uasset" 853
"../../../Engine/Content/VREditor/TransformGizmo/SM_Sequencer_Key.uasset" 854
"../../../Engine/Content/VREditor/TransformGizmo/SM_Sequencer_Node.uasset" 855
"../../Plugins/2D/Paper2D/Content/PlaceholderTextures/DummySpriteTexture.uasset" 856
"../../Plugins/2D/Paper2D/Content/DummySprite.uasset" 857
"../../Plugins/2D/Paper2D/Content/DefaultPaperTerrainMaterial.uasset" 858
"../../Plugins/2D/Paper2D/Content/DefaultSpriteMaterial.uasset" 859
"../../Plugins/2D/Paper2D/Content/MaskedUnlitSpriteMaterial.uasset" 860
"../../Plugins/2D/Paper2D/Content/OpaqueUnlitSpriteMaterial.uasset" 861
"../../../Engine/Content/EngineSky/C_Sky_Cloud_Color.uasset" 862
"../../../Engine/Content/EngineSky/C_Sky_Horizon_Color.uasset" 863
"../../../Engine/Content/EngineSky/C_Sky_Zenith_Color.uasset" 864
"../../../Engine/Content/EngineSky/T_Sky_Blue.uasset" 865
"../../../Engine/Content/EngineSky/T_Sky_Clouds_M.uasset" 866
"../../../Engine/Content/EngineSky/T_Sky_Stars.uasset" 867
"../../../Engine/Content/EngineSky/M_Sky_Panning_Clouds2.uasset" 868
"../../../Engine/Content/EngineSky/SM_SkySphere.uasset" 869
"../../../Engine/Content/EngineSky/BP_Sky_Sphere.uasset" 870
"../../../../../../student/Desktop/SevenDaysToFry -A&W/Content/DayAndNight.uasset" 871
"../../../../../../student/Desktop/SevenDaysToFry -A&W/Content/FinalProjectBlueprints/BP_Ingredients_Table.uasset" 872
"../../../../../../student/Desktop/SevenDaysToFry -A&W/Content/GunHolder.uasset" 873
"../../../../../../student/Desktop/SevenDaysToFry -A&W/Content/FirstPersonBP/Maps/FirstPersonExampleMap_BuiltData.uasset" 874
"../../../../../../student/Desktop/SevenDaysToFry -A&W/Content/Geometry/Meshes/1M_Cube.uasset" 875
"../../../../../../student/Desktop/SevenDaysToFry -A&W/Content/Tutorial/General_Tutorial.uasset" 876
"../../../../../../student/Desktop/SevenDaysToFry -A&W/Content/Tutorial/Ingredient_Tutorial.uasset" 877
"../../../../../../student/Desktop/SevenDaysToFry -A&W/Content/Tutorial/InsideZombie_Tutorial.uasset" 878
"../../../../../../student/Desktop/SevenDaysToFry -A&W/Content/Tutorial/Lobby_Tutorial.uasset" 879
"../../../../../../student/Desktop/SevenDaysToFry -A&W/Content/Tutorial/Table_Tutorial.uasset" 880
"../../../../../../student/Desktop/SevenDaysToFry -A&W/Content/Tutorial/Trash_Tutorial.uasset" 881
"../../../../../../student/Desktop/SevenDaysToFry -A&W/Content/Tutorial/Weapon_Tutorial.uasset" 882
"../../../../../../student/Desktop/SevenDaysToFry -A&W/Content/FirstPersonBP/Maps/FirstPersonExampleMap.umap" 883
"../../../Engine/Content/Maps/Entry_BuiltData.uasset" 884
"../../../Engine/Content/Maps/Entry.umap" 885
